{"logTime": "0208/094134", "correlationVector":"djHWAxDGPVsOYPYk53Gc7e.1","action":"SyncServerConnectionManagerRequest", "result":"SYNC_SERVER_OK", "context":{"environment":"Prod_southeastasia_prod-s01-064-apac-southeastasia", "migrationStage":"NotStarted", "server":"akswtt11100000d"}}
{"logTime": "0208/094134", "correlationVector":"djHWAxDGPVsOYPYk53Gc7e.2","action":"ProcessGetUpdates", "result":"Done", "context":{"dataType":"Encryption Keys", "deleted":"0", "process_failed_to_decrypt":"0", "process_pending_decryption":"0", "process_success":"1", "total":"1"}}
{"logTime": "0208/094135", "correlationVector":"n3J8l9jnRyxTj5ExuPsAF1","action":"SyncServerConnectionManagerRequest", "result":"SYNC_SERVER_OK", "context":{"environment":"", "migrationStage":"", "server":""}}
{"logTime": "0208/094135", "correlationVector":"n3J8l9jnRyxTj5ExuPsAF1.0","action":"EncryptionKeysFetcher.DownloadKeys:", "result":"Success", "context":Key count: 2, Last key timestamp: 2025-12-05T15:51:52Z}
{"logTime": "0208/094135", "correlationVector":"n3J8l9jnRyxTj5ExuPsAF1.1","action":"EncryptionKeysManager::SetEncryptionKeys:", "result":"Success", "context":Key names[2]:[Y4IUqRr+G2f6U0tXpebZrc317X/zojYhEYwx+gryfg0oOTMhb2UV+jVv1wRVZKITjZXtN8hmmKfgq8nZl1xhXw==][EnD2n8/vKD/uP0naycASn4+6vth79X0wG45BlhBjFdmEXP8xklhIRMPNWLxfzC7weYS8y6tscf/N2OrJfpBQfQ==]}
{"logTime": "0208/094135", "correlationVector":"n3J8l9jnRyxTj5ExuPsAF1.2","action":"EncryptionKeysManager::SetEncryptionKeysWithTimestamps:", "result":"Success", "context":Key timestamps[2]:[2025-06-06T05:23:22Z][2025-12-05T15:51:52Z]}
{"logTime": "0208/094135", "correlationVector":"djHWAxDGPVsOYPYk53Gc7e","action":"Initial GetUpdates", "result":"", "context":Reason: NEW_CLIENT. cV=djHWAxDGPVsOYPYk53Gc7e}
{"logTime": "0208/094135", "correlationVector":"djHWAxDGPVsOYPYk53Gc7e.3","action":"GetUpdates Response", "result":"Success", "context":Received 1 update(s). cV=djHWAxDGPVsOYPYk53Gc7e.0;server=akswtt11100000d;cloudType=Consumer;environment=Prod_southeastasia_prod-s01-064-apac-southeastasia;migrationStage=NotStarted}
{"logTime": "0208/094135", "correlationVector":"EbaYLWyeQsMCgWI0SS3IDR","action":"Initial GetUpdates", "result":"", "context":Reason: NEWLY_SUPPORTED_DATATYPE. cV=EbaYLWyeQsMCgWI0SS3IDR}
{"logTime": "0208/094136", "correlationVector":"EbaYLWyeQsMCgWI0SS3IDR.1","action":"SyncServerConnectionManagerRequest", "result":"SYNC_SERVER_OK", "context":{"environment":"Prod_southeastasia_prod-s01-064-apac-southeastasia", "migrationStage":"NotStarted", "server":"akswtt11100000f"}}
{"logTime": "0208/094136", "correlationVector":"EbaYLWyeQsMCgWI0SS3IDR.2","action":"ProcessGetUpdates", "result":"Done", "context":{"dataType":"Preferences", "deleted":"0", "process_failed_to_decrypt":"0", "process_pending_decryption":"0", "process_success":"59", "total":"59"}}
{"logTime": "0208/094136", "correlationVector":"EbaYLWyeQsMCgWI0SS3IDR.3","action":"ProcessGetUpdates", "result":"Done", "context":{"dataType":"Passwords", "deleted":"0", "process_failed_to_decrypt":"0", "process_pending_decryption":"0", "process_success":"22", "total":"22"}}
{"logTime": "0208/094136", "correlationVector":"EbaYLWyeQsMCgWI0SS3IDR.4","action":"ProcessGetUpdates", "result":"Done", "context":{"dataType":"Device Info", "deleted":"0", "process_failed_to_decrypt":"0", "process_pending_decryption":"0", "process_success":"3", "total":"3"}}
{"logTime": "0208/094136", "correlationVector":"EbaYLWyeQsMCgWI0SS3IDR.5","action":"GetUpdates Response", "result":"Success", "context":Received 84 update(s). cV=EbaYLWyeQsMCgWI0SS3IDR.0;server=akswtt11100000f;cloudType=Consumer;environment=Prod_southeastasia_prod-s01-064-apac-southeastasia;migrationStage=NotStarted}
{"logTime": "0208/094136", "correlationVector":"gaoXPtPqiVX5xMRfxH05Ew","action":"Initial GetUpdates", "result":"", "context":Reason: NEWLY_SUPPORTED_DATATYPE. cV=gaoXPtPqiVX5xMRfxH05Ew}
{"logTime": "0208/094136", "correlationVector":"gaoXPtPqiVX5xMRfxH05Ew.1","action":"SyncServerConnectionManagerRequest", "result":"SYNC_SERVER_OK", "context":{"environment":"Prod_southeastasia_prod-s01-064-apac-southeastasia", "migrationStage":"NotStarted", "server":"akswtt11100000d"}}
{"logTime": "0208/094136", "correlationVector":"gaoXPtPqiVX5xMRfxH05Ew.2","action":"ProcessGetUpdates", "result":"Done", "context":{"dataType":"Bookmarks", "deleted":"19", "process_failed_to_decrypt":"0", "process_pending_decryption":"0", "process_success":"27", "total":"27"}}
{"logTime": "0208/094136", "correlationVector":"gaoXPtPqiVX5xMRfxH05Ew.3","action":"GetUpdates Response", "result":"Success", "context":Received 27 update(s). cV=gaoXPtPqiVX5xMRfxH05Ew.0;server=akswtt11100000d;cloudType=Consumer;environment=Prod_southeastasia_prod-s01-064-apac-southeastasia;migrationStage=NotStarted}
{"logTime": "0208/094136", "correlationVector":"oCgutRXfuPcTWaaFEzXvWx","action":"Initial GetUpdates", "result":"", "context":Reason: NEWLY_SUPPORTED_DATATYPE. cV=oCgutRXfuPcTWaaFEzXvWx}
{"logTime": "0208/094137", "correlationVector":"oCgutRXfuPcTWaaFEzXvWx.1","action":"SyncServerConnectionManagerRequest", "result":"SYNC_SERVER_OK", "context":{"environment":"Prod_southeastasia_prod-s01-064-apac-southeastasia", "migrationStage":"NotStarted", "server":"akswtt11100000c"}}
{"logTime": "0208/094137", "correlationVector":"oCgutRXfuPcTWaaFEzXvWx.2","action":"ProcessGetUpdates", "result":"Done", "context":{"dataType":"Autofill Profiles", "deleted":"0", "process_failed_to_decrypt":"0", "process_pending_decryption":"0", "process_success":"13", "total":"13"}}
{"logTime": "0208/094137", "correlationVector":"oCgutRXfuPcTWaaFEzXvWx.3","action":"ProcessGetUpdates", "result":"Done", "context":{"dataType":"Autofill", "deleted":"0", "process_failed_to_decrypt":"0", "process_pending_decryption":"0", "process_success":"19", "total":"19"}}
{"logTime": "0208/094137", "correlationVector":"oCgutRXfuPcTWaaFEzXvWx.4","action":"ProcessGetUpdates", "result":"Done", "context":{"dataType":"Extensions", "deleted":"0", "process_failed_to_decrypt":"0", "process_pending_decryption":"0", "process_success":"1", "total":"1"}}
{"logTime": "0208/094137", "correlationVector":"oCgutRXfuPcTWaaFEzXvWx.5","action":"ProcessGetUpdates", "result":"Done", "context":{"dataType":"Sessions", "deleted":"154", "process_failed_to_decrypt":"0", "process_pending_decryption":"0", "process_success":"154", "total":"154"}}
{"logTime": "0208/094137", "correlationVector":"oCgutRXfuPcTWaaFEzXvWx.6","action":"ProcessGetUpdates", "result":"Done", "context":{"dataType":"Edge Hub App Usage", "deleted":"17", "process_failed_to_decrypt":"0", "process_pending_decryption":"0", "process_success":"63", "total":"63"}}
{"logTime": "0208/094137", "correlationVector":"oCgutRXfuPcTWaaFEzXvWx.7","action":"GetUpdates Response", "result":"Success", "context":Received 250 update(s). cV=oCgutRXfuPcTWaaFEzXvWx.0;server=akswtt11100000c;cloudType=Consumer;environment=Prod_southeastasia_prod-s01-064-apac-southeastasia;migrationStage=NotStarted Some updates remain.}
{"logTime": "0208/094137", "correlationVector":"B0j5F5WkhCM9TL+d95i+hA","action":"Initial GetUpdates", "result":"", "context":Reason: NEWLY_SUPPORTED_DATATYPE. cV=B0j5F5WkhCM9TL+d95i+hA}
{"logTime": "0208/094137", "correlationVector":"B0j5F5WkhCM9TL+d95i+hA.1","action":"SyncServerConnectionManagerRequest", "result":"SYNC_SERVER_OK", "context":{"environment":"Prod_southeastasia_prod-s01-064-apac-southeastasia", "migrationStage":"NotStarted", "server":"akswtt111000009"}}
{"logTime": "0208/094137", "correlationVector":"B0j5F5WkhCM9TL+d95i+hA.2","action":"ProcessGetUpdates", "result":"Done", "context":{"dataType":"Autofill Profiles", "deleted":"0", "process_failed_to_decrypt":"0", "process_pending_decryption":"0", "process_success":"1", "total":"1"}}
{"logTime": "0208/094137", "correlationVector":"B0j5F5WkhCM9TL+d95i+hA.3","action":"ProcessGetUpdates", "result":"Done", "context":{"dataType":"Autofill", "deleted":"0", "process_failed_to_decrypt":"0", "process_pending_decryption":"0", "process_success":"163", "total":"163"}}
{"logTime": "0208/094137", "correlationVector":"B0j5F5WkhCM9TL+d95i+hA.4","action":"ProcessGetUpdates", "result":"Done", "context":{"dataType":"Sessions", "deleted":"74", "process_failed_to_decrypt":"0", "process_pending_decryption":"0", "process_success":"74", "total":"74"}}
{"logTime": "0208/094137", "correlationVector":"B0j5F5WkhCM9TL+d95i+hA.5","action":"ProcessGetUpdates", "result":"Done", "context":{"dataType":"Saved Tab Group", "deleted":"3", "process_failed_to_decrypt":"0", "process_pending_decryption":"0", "process_success":"3", "total":"3"}}
{"logTime": "0208/094137", "correlationVector":"B0j5F5WkhCM9TL+d95i+hA.6","action":"ProcessGetUpdates", "result":"Done", "context":{"dataType":"Edge Hub App Usage", "deleted":"0", "process_failed_to_decrypt":"0", "process_pending_decryption":"0", "process_success":"9", "total":"9"}}
{"logTime": "0208/094137", "correlationVector":"B0j5F5WkhCM9TL+d95i+hA.7","action":"GetUpdates Response", "result":"Success", "context":Received 250 update(s). cV=B0j5F5WkhCM9TL+d95i+hA.0;server=akswtt111000009;cloudType=Consumer;environment=Prod_southeastasia_prod-s01-064-apac-southeastasia;migrationStage=NotStarted Some updates remain.}
{"logTime": "0208/094137", "correlationVector":"9ek/IB8OmDBozMUtbAMc0I","action":"Initial GetUpdates", "result":"", "context":Reason: NEWLY_SUPPORTED_DATATYPE. cV=9ek/IB8OmDBozMUtbAMc0I}
{"logTime": "0208/094138", "correlationVector":"9ek/IB8OmDBozMUtbAMc0I.1","action":"SyncServerConnectionManagerRequest", "result":"SYNC_SERVER_OK", "context":{"environment":"Prod_southeastasia_prod-s01-064-apac-southeastasia", "migrationStage":"NotStarted", "server":"akswtt111000006"}}
{"logTime": "0208/094138", "correlationVector":"9ek/IB8OmDBozMUtbAMc0I.2","action":"ProcessGetUpdates", "result":"Done", "context":{"dataType":"Autofill", "deleted":"0", "process_failed_to_decrypt":"0", "process_pending_decryption":"0", "process_success":"9", "total":"9"}}
{"logTime": "0208/094138", "correlationVector":"9ek/IB8OmDBozMUtbAMc0I.3","action":"ProcessGetUpdates", "result":"Done", "context":{"dataType":"Sessions", "deleted":"141", "process_failed_to_decrypt":"0", "process_pending_decryption":"0", "process_success":"141", "total":"141"}}
{"logTime": "0208/094138", "correlationVector":"9ek/IB8OmDBozMUtbAMc0I.4","action":"ProcessGetUpdates", "result":"Done", "context":{"dataType":"Edge Hub App Usage", "deleted":"37", "process_failed_to_decrypt":"0", "process_pending_decryption":"0", "process_success":"100", "total":"100"}}
{"logTime": "0208/094138", "correlationVector":"9ek/IB8OmDBozMUtbAMc0I.5","action":"GetUpdates Response", "result":"Success", "context":Received 250 update(s). cV=9ek/IB8OmDBozMUtbAMc0I.0;server=akswtt111000006;cloudType=Consumer;environment=Prod_southeastasia_prod-s01-064-apac-southeastasia;migrationStage=NotStarted Some updates remain.}
{"logTime": "0208/094138", "correlationVector":"tK7uCvH8/aZq8aG7KMR04t","action":"Initial GetUpdates", "result":"", "context":Reason: NEWLY_SUPPORTED_DATATYPE. cV=tK7uCvH8/aZq8aG7KMR04t}
{"logTime": "0208/094138", "correlationVector":"tK7uCvH8/aZq8aG7KMR04t.1","action":"SyncServerConnectionManagerRequest", "result":"SYNC_SERVER_OK", "context":{"environment":"Prod_southeastasia_prod-s01-064-apac-southeastasia", "migrationStage":"NotStarted", "server":"akswtt11100000e"}}
{"logTime": "0208/094138", "correlationVector":"tK7uCvH8/aZq8aG7KMR04t.2","action":"ProcessGetUpdates", "result":"Done", "context":{"dataType":"Autofill Profiles", "deleted":"0", "process_failed_to_decrypt":"0", "process_pending_decryption":"0", "process_success":"1", "total":"1"}}
{"logTime": "0208/094138", "correlationVector":"tK7uCvH8/aZq8aG7KMR04t.3","action":"ProcessGetUpdates", "result":"Done", "context":{"dataType":"Autofill", "deleted":"0", "process_failed_to_decrypt":"0", "process_pending_decryption":"0", "process_success":"24", "total":"24"}}
{"logTime": "0208/094138", "correlationVector":"tK7uCvH8/aZq8aG7KMR04t.4","action":"ProcessGetUpdates", "result":"Done", "context":{"dataType":"Sessions", "deleted":"141", "process_failed_to_decrypt":"0", "process_pending_decryption":"0", "process_success":"141", "total":"141"}}
{"logTime": "0208/094138", "correlationVector":"tK7uCvH8/aZq8aG7KMR04t.5","action":"ProcessGetUpdates", "result":"Done", "context":{"dataType":"Edge Hub App Usage", "deleted":"23", "process_failed_to_decrypt":"0", "process_pending_decryption":"0", "process_success":"84", "total":"84"}}
{"logTime": "0208/094138", "correlationVector":"tK7uCvH8/aZq8aG7KMR04t.6","action":"GetUpdates Response", "result":"Success", "context":Received 250 update(s). cV=tK7uCvH8/aZq8aG7KMR04t.0;server=akswtt11100000e;cloudType=Consumer;environment=Prod_southeastasia_prod-s01-064-apac-southeastasia;migrationStage=NotStarted Some updates remain.}
{"logTime": "0208/094138", "correlationVector":"L/7Dqq1f+crfbtabwXZ0JF","action":"Initial GetUpdates", "result":"", "context":Reason: NEWLY_SUPPORTED_DATATYPE. cV=L/7Dqq1f+crfbtabwXZ0JF}
{"logTime": "0208/094139", "correlationVector":"L/7Dqq1f+crfbtabwXZ0JF.1","action":"SyncServerConnectionManagerRequest", "result":"SYNC_SERVER_OK", "context":{"environment":"Prod_southeastasia_prod-s01-064-apac-southeastasia", "migrationStage":"NotStarted", "server":"akswtt11100000p"}}
{"logTime": "0208/094139", "correlationVector":"L/7Dqq1f+crfbtabwXZ0JF.2","action":"ProcessGetUpdates", "result":"Done", "context":{"dataType":"Autofill", "deleted":"0", "process_failed_to_decrypt":"0", "process_pending_decryption":"0", "process_success":"2", "total":"2"}}
{"logTime": "0208/094139", "correlationVector":"L/7Dqq1f+crfbtabwXZ0JF.3","action":"ProcessGetUpdates", "result":"Done", "context":{"dataType":"Sessions", "deleted":"92", "process_failed_to_decrypt":"0", "process_pending_decryption":"0", "process_success":"97", "total":"97"}}
{"logTime": "0208/094139", "correlationVector":"L/7Dqq1f+crfbtabwXZ0JF.4","action":"ProcessGetUpdates", "result":"Done", "context":{"dataType":"Edge Hub App Usage", "deleted":"14", "process_failed_to_decrypt":"0", "process_pending_decryption":"0", "process_success":"58", "total":"58"}}
{"logTime": "0208/094139", "correlationVector":"L/7Dqq1f+crfbtabwXZ0JF.5","action":"GetUpdates Response", "result":"Success", "context":Received 157 update(s). cV=L/7Dqq1f+crfbtabwXZ0JF.0;server=akswtt11100000p;cloudType=Consumer;environment=Prod_southeastasia_prod-s01-064-apac-southeastasia;migrationStage=NotStarted}
{"logTime": "0208/094139", "correlationVector":"yE32o2FtvUaHHhnYeuXxGk","action":"Initial GetUpdates", "result":"", "context":Reason: NEWLY_SUPPORTED_DATATYPE. cV=yE32o2FtvUaHHhnYeuXxGk}
{"logTime": "0208/094140", "correlationVector":"yE32o2FtvUaHHhnYeuXxGk.1","action":"SyncServerConnectionManagerRequest", "result":"SYNC_SERVER_OK", "context":{"environment":"Prod_southeastasia_prod-s01-064-apac-southeastasia", "migrationStage":"NotStarted", "server":"akswtt11100000k"}}
{"logTime": "0208/094140", "correlationVector":"yE32o2FtvUaHHhnYeuXxGk.2","action":"ProcessGetUpdates", "result":"Done", "context":{"dataType":"History", "deleted":"0", "process_failed_to_decrypt":"0", "process_pending_decryption":"0", "process_success":"250", "total":"250"}}
{"logTime": "0208/094140", "correlationVector":"yE32o2FtvUaHHhnYeuXxGk.3","action":"GetUpdates Response", "result":"Success", "context":Received 250 update(s). cV=yE32o2FtvUaHHhnYeuXxGk.0;server=akswtt11100000k;cloudType=Consumer;environment=Prod_southeastasia_prod-s01-064-apac-southeastasia;migrationStage=NotStarted Some updates remain.}
{"logTime": "0208/094140", "correlationVector":"IXbrxGhI9D5+egvD3BKnWq","action":"Initial GetUpdates", "result":"", "context":Reason: NEWLY_SUPPORTED_DATATYPE. cV=IXbrxGhI9D5+egvD3BKnWq}
{"logTime": "0208/094140", "correlationVector":"IXbrxGhI9D5+egvD3BKnWq.1","action":"SyncServerConnectionManagerRequest", "result":"SYNC_SERVER_OK", "context":{"environment":"Prod_southeastasia_prod-s01-064-apac-southeastasia", "migrationStage":"NotStarted", "server":"akswtt11100000c"}}
{"logTime": "0208/094140", "correlationVector":"IXbrxGhI9D5+egvD3BKnWq.2","action":"ProcessGetUpdates", "result":"Done", "context":{"dataType":"History", "deleted":"0", "process_failed_to_decrypt":"0", "process_pending_decryption":"0", "process_success":"250", "total":"250"}}
{"logTime": "0208/094140", "correlationVector":"IXbrxGhI9D5+egvD3BKnWq.3","action":"GetUpdates Response", "result":"Success", "context":Received 250 update(s). cV=IXbrxGhI9D5+egvD3BKnWq.0;server=akswtt11100000c;cloudType=Consumer;environment=Prod_southeastasia_prod-s01-064-apac-southeastasia;migrationStage=NotStarted Some updates remain.}
{"logTime": "0208/094140", "correlationVector":"eJA7N1ruAzc5oO0C73w1P0","action":"Initial GetUpdates", "result":"", "context":Reason: NEWLY_SUPPORTED_DATATYPE. cV=eJA7N1ruAzc5oO0C73w1P0}
{"logTime": "0208/094141", "correlationVector":"eJA7N1ruAzc5oO0C73w1P0.1","action":"SyncServerConnectionManagerRequest", "result":"SYNC_SERVER_OK", "context":{"environment":"Prod_southindia_prod-s01-004-apac-southindia", "migrationStage":"NotStarted", "server":"akswtt10200000q"}}
{"logTime": "0208/094141", "correlationVector":"eJA7N1ruAzc5oO0C73w1P0.2","action":"ProcessGetUpdates", "result":"Done", "context":{"dataType":"History", "deleted":"0", "process_failed_to_decrypt":"0", "process_pending_decryption":"0", "process_success":"250", "total":"250"}}
{"logTime": "0208/094141", "correlationVector":"eJA7N1ruAzc5oO0C73w1P0.3","action":"GetUpdates Response", "result":"Success", "context":Received 250 update(s). cV=eJA7N1ruAzc5oO0C73w1P0.0;server=akswtt10200000q;cloudType=Consumer;environment=Prod_southindia_prod-s01-004-apac-southindia;migrationStage=NotStarted Some updates remain.}
{"logTime": "0208/094141", "correlationVector":"nG15IPoB8wgpk9jrV4aO0P","action":"Initial GetUpdates", "result":"", "context":Reason: NEWLY_SUPPORTED_DATATYPE. cV=nG15IPoB8wgpk9jrV4aO0P}
{"logTime": "0208/094141", "correlationVector":"nG15IPoB8wgpk9jrV4aO0P.1","action":"SyncServerConnectionManagerRequest", "result":"SYNC_SERVER_OK", "context":{"environment":"Prod_southindia_prod-s01-004-apac-southindia", "migrationStage":"NotStarted", "server":"akswtt102000016"}}
{"logTime": "0208/094141", "correlationVector":"nG15IPoB8wgpk9jrV4aO0P.2","action":"ProcessGetUpdates", "result":"Done", "context":{"dataType":"History", "deleted":"0", "process_failed_to_decrypt":"0", "process_pending_decryption":"0", "process_success":"250", "total":"250"}}
{"logTime": "0208/094141", "correlationVector":"nG15IPoB8wgpk9jrV4aO0P.3","action":"GetUpdates Response", "result":"Success", "context":Received 250 update(s). cV=nG15IPoB8wgpk9jrV4aO0P.0;server=akswtt102000016;cloudType=Consumer;environment=Prod_southindia_prod-s01-004-apac-southindia;migrationStage=NotStarted Some updates remain.}
{"logTime": "0208/094141", "correlationVector":"18NdL51bC10HWgHo/mIwyo","action":"Initial GetUpdates", "result":"", "context":Reason: NEWLY_SUPPORTED_DATATYPE. cV=18NdL51bC10HWgHo/mIwyo}
{"logTime": "0208/094142", "correlationVector":"18NdL51bC10HWgHo/mIwyo.1","action":"SyncServerConnectionManagerRequest", "result":"SYNC_SERVER_OK", "context":{"environment":"Prod_southindia_prod-s01-004-apac-southindia", "migrationStage":"NotStarted", "server":"akswtt102000011"}}
{"logTime": "0208/094142", "correlationVector":"18NdL51bC10HWgHo/mIwyo.2","action":"ProcessGetUpdates", "result":"Done", "context":{"dataType":"History", "deleted":"0", "process_failed_to_decrypt":"0", "process_pending_decryption":"0", "process_success":"250", "total":"250"}}
{"logTime": "0208/094142", "correlationVector":"18NdL51bC10HWgHo/mIwyo.3","action":"GetUpdates Response", "result":"Success", "context":Received 250 update(s). cV=18NdL51bC10HWgHo/mIwyo.0;server=akswtt102000011;cloudType=Consumer;environment=Prod_southindia_prod-s01-004-apac-southindia;migrationStage=NotStarted Some updates remain.}
{"logTime": "0208/094142", "correlationVector":"hjSLDJUHqf7lOo6qAO2BZ9","action":"Initial GetUpdates", "result":"", "context":Reason: NEWLY_SUPPORTED_DATATYPE. cV=hjSLDJUHqf7lOo6qAO2BZ9}
{"logTime": "0208/094142", "correlationVector":"hjSLDJUHqf7lOo6qAO2BZ9.1","action":"SyncServerConnectionManagerRequest", "result":"SYNC_SERVER_OK", "context":{"environment":"Prod_southindia_prod-s01-004-apac-southindia", "migrationStage":"NotStarted", "server":"akswtt10200000b"}}
{"logTime": "0208/094142", "correlationVector":"hjSLDJUHqf7lOo6qAO2BZ9.2","action":"ProcessGetUpdates", "result":"Done", "context":{"dataType":"History", "deleted":"0", "process_failed_to_decrypt":"0", "process_pending_decryption":"0", "process_success":"104", "total":"104"}}
{"logTime": "0208/094142", "correlationVector":"hjSLDJUHqf7lOo6qAO2BZ9.3","action":"GetUpdates Response", "result":"Success", "context":Received 104 update(s). cV=hjSLDJUHqf7lOo6qAO2BZ9.0;server=akswtt10200000b;cloudType=Consumer;environment=Prod_southindia_prod-s01-004-apac-southindia;migrationStage=NotStarted}
{"logTime": "0208/094147", "correlationVector":"7LH1pG3yDq2zptPnFfjg3C","action":"Normal GetUpdate request", "result":"", "context":cV=7LH1pG3yDq2zptPnFfjg3C
Nudged types: Sessions, Device Info, User Consents
Refresh requested types: Bookmarks, Preferences, Passwords, Autofill Profiles, Autofill, Extensions, Sessions, Extension settings, History Delete Directives, Device Info, User Consents, Send Tab To Self, Web Apps, History, Saved Tab Group, WebAuthn Credentials, Collection, Edge E Drop, Edge Hub App Usage, Edge Wallet, Encryption Keys}
{"logTime": "0208/094147", "correlationVector":"7LH1pG3yDq2zptPnFfjg3C.1","action":"SyncServerConnectionManagerRequest", "result":"SYNC_SERVER_OK", "context":{"environment":"Prod_southindia_prod-s01-004-apac-southindia", "migrationStage":"NotStarted", "server":"akswtt10200000x"}}
{"logTime": "0208/094147", "correlationVector":"7LH1pG3yDq2zptPnFfjg3C.2","action":"GetUpdates Response", "result":"Success", "context":Received 0 update(s). cV=7LH1pG3yDq2zptPnFfjg3C.0;server=akswtt10200000x;cloudType=Consumer;environment=Prod_southindia_prod-s01-004-apac-southindia;migrationStage=NotStarted}
{"logTime": "0208/094150", "correlationVector":"Cezj2dxej7ftmlzTNEuDIx","action":"DoCompareDataConsistency requsted types: ", "result":"Bookmarks, Preferences, Passwords, Extensions, Extension settings, History Delete Directives, Send Tab To Self, Web Apps, History, Saved Tab Group, WebAuthn Credentials, Collection, Edge E Drop, Edge Wallet, Encryption Keys"}
{"logTime": "0208/094150", "correlationVector":"Cezj2dxej7ftmlzTNEuDIx.0","action":"CompareDataConsistency result: ", "result":"Compare result: Encryption Keys is consistent. local entities count is: 1 local entities hash is: tmNRDKVqIXEVPTDRFGyNQK+LWvM="}
{"logTime": "0208/094150", "correlationVector":"Cezj2dxej7ftmlzTNEuDIx.1","action":"CompareDataConsistency result: ", "result":"Compare result: Bookmarks is consistent. local entities count is: 2 local entities hash is: SqQfJ8uANnAkS+mOBAv3Mgu5rJ4="}
{"logTime": "0208/094150", "correlationVector":"Cezj2dxej7ftmlzTNEuDIx.2","action":"CompareDataConsistency result: ", "result":"Compare result: Preferences is consistent. local entities count is: 59 local entities hash is: lw9Oe5i5shUv5Gt0oKVOKwUKcfM="}
{"logTime": "0208/094150", "correlationVector":"Cezj2dxej7ftmlzTNEuDIx.3","action":"CompareDataConsistency result: ", "result":"Compare result: Extensions is consistent. local entities count is: 1 local entities hash is: 4iOamMqOJTsbBswsdbx/Gt0O078="}
{"logTime": "0208/094150", "correlationVector":"Cezj2dxej7ftmlzTNEuDIx.4","action":"CompareDataConsistency result: ", "result":"Compare result: Extension settings is consistent. local entities count is: 0 local entities hash is: "}
{"logTime": "0208/094150", "correlationVector":"Cezj2dxej7ftmlzTNEuDIx.5","action":"CompareDataConsistency result: ", "result":"Compare result: History Delete Directives is consistent. local entities count is: 0 local entities hash is: "}
{"logTime": "0208/094150", "correlationVector":"Cezj2dxej7ftmlzTNEuDIx.6","action":"CompareDataConsistency result: ", "result":"Server did not send this Send Tab To Self local entities count is: 0 local entities hash is: "}
{"logTime": "0208/094150", "correlationVector":"Cezj2dxej7ftmlzTNEuDIx.7","action":"CompareDataConsistency result: ", "result":"Compare result: Web Apps is consistent. local entities count is: 0 local entities hash is: "}
{"logTime": "0208/094150", "correlationVector":"Cezj2dxej7ftmlzTNEuDIx.8","action":"CompareDataConsistency result: ", "result":"Server did not send this History local entities count is: 0 local entities hash is: "}
{"logTime": "0208/094150", "correlationVector":"Cezj2dxej7ftmlzTNEuDIx.9","action":"CompareDataConsistency result: ", "result":"Compare result: Saved Tab Group is consistent. local entities count is: 0 local entities hash is: "}
{"logTime": "0208/094150", "correlationVector":"Cezj2dxej7ftmlzTNEuDIx.10","action":"CompareDataConsistency result: ", "result":"Server did not send this WebAuthn Credentials local entities count is: 0 local entities hash is: "}
{"logTime": "0208/094150", "correlationVector":"Cezj2dxej7ftmlzTNEuDIx.11","action":"CompareDataConsistency result: ", "result":"Compare result: Collection is consistent. local entities count is: 0 local entities hash is: "}
{"logTime": "0208/094150", "correlationVector":"Cezj2dxej7ftmlzTNEuDIx.12","action":"CompareDataConsistency result: ", "result":"Compare result: Edge E Drop is consistent. local entities count is: 0 local entities hash is: "}
{"logTime": "0208/094150", "correlationVector":"Cezj2dxej7ftmlzTNEuDIx.13","action":"CompareDataConsistency result: ", "result":"Compare result: Edge Wallet is consistent. local entities count is: 0 local entities hash is: "}
{"logTime": "0208/094150", "correlationVector":"Cezj2dxej7ftmlzTNEuDIx.14","action":"CompareDataConsistency result: ", "result":"Compare result: Passwords is consistent. local entities count is: 22 local entities hash is: VdSBV1ZmBU3TzHLVX//zp+ooBgQ="}
{"logTime": "0208/094150", "correlationVector":"3w2DJNpI7FayAVwUxME71V","action":"Commit Request", "result":"", "context":Item count: 5
Contributing types: Sessions, Device Info, User Consents}
{"logTime": "0208/094150", "correlationVector":"3w2DJNpI7FayAVwUxME71V.1","action":"SyncServerConnectionManagerRequest", "result":"SYNC_SERVER_OK", "context":{"environment":"Prod_southindia_prod-s01-004-apac-southindia", "migrationStage":"NotStarted", "server":"akswtt10200000p"}}
{"logTime": "0208/094150", "correlationVector":"3w2DJNpI7FayAVwUxME71V.2","action":"Commit Response", "result":"Success", "context":Result: Success. cV=3w2DJNpI7FayAVwUxME71V.0;server=akswtt10200000p;cloudType=Consumer;environment=Prod_southindia_prod-s01-004-apac-southindia;migrationStage=NotStarted}
{"logTime": "0208/094150", "correlationVector":"","action":"DIAGNOSTIC_REQUEST|v1/diagnosticData/Diagnostic.SendCheckResult()|SUCCESS", "result":""}
{"logTime": "0208/094221", "correlationVector":"4FzAMV/oDBxMOk5vpPubbQ","action":"Commit Request", "result":"", "context":Item count: 4
Contributing types: Sessions, History, Edge Hub App Usage}
{"logTime": "0208/094222", "correlationVector":"4FzAMV/oDBxMOk5vpPubbQ.1","action":"SyncServerConnectionManagerRequest", "result":"SYNC_SERVER_OK", "context":{"environment":"Prod_southindia_prod-s01-004-apac-southindia", "migrationStage":"NotStarted", "server":"akswtt102000016"}}
{"logTime": "0208/094222", "correlationVector":"4FzAMV/oDBxMOk5vpPubbQ.2","action":"Commit Response", "result":"Success", "context":Result: Success. cV=4FzAMV/oDBxMOk5vpPubbQ.0;server=akswtt102000016;cloudType=Consumer;environment=Prod_southindia_prod-s01-004-apac-southindia;migrationStage=NotStarted}
{"logTime": "0208/094230", "correlationVector":"stKG6eGuvx7QQbNRq83hbp","action":"Commit Request", "result":"", "context":Item count: 24
Contributing types: Passwords, Sessions, History}
{"logTime": "0208/094231", "correlationVector":"stKG6eGuvx7QQbNRq83hbp.1","action":"SyncServerConnectionManagerRequest", "result":"SYNC_SERVER_OK", "context":{"environment":"Prod_southindia_prod-s01-004-apac-southindia", "migrationStage":"NotStarted", "server":"akswtt10200000c"}}
{"logTime": "0208/094231", "correlationVector":"stKG6eGuvx7QQbNRq83hbp.2","action":"Commit Response", "result":"Success", "context":Result: Success. cV=stKG6eGuvx7QQbNRq83hbp.0;server=akswtt10200000c;cloudType=Consumer;environment=Prod_southindia_prod-s01-004-apac-southindia;migrationStage=NotStarted}
{"logTime": "0210/105639", "correlationVector":"BPmwRlhJZYfI6XuEI6SvFu.1","action":"SyncServerConnectionManagerRequest", "result":"SYNC_SERVER_OK", "context":{"environment":"Prod_southindia_prod-s01-004-apac-southindia", "migrationStage":"NotStarted", "server":"akswtt102000011"}}
{"logTime": "0210/105639", "correlationVector":"BPmwRlhJZYfI6XuEI6SvFu.2","action":"ProcessGetUpdates", "result":"Done", "context":{"dataType":"Encryption Keys", "deleted":"0", "process_failed_to_decrypt":"0", "process_pending_decryption":"0", "process_success":"1", "total":"1"}}
{"logTime": "0210/105639", "correlationVector":"eJLZOeltovYsMxqeMYBaDw","action":"SyncServerConnectionManagerRequest", "result":"SYNC_SERVER_OK", "context":{"environment":"", "migrationStage":"", "server":""}}
{"logTime": "0210/105639", "correlationVector":"eJLZOeltovYsMxqeMYBaDw.0","action":"EncryptionKeysFetcher.DownloadKeys:", "result":"Success", "context":Key count: 2, Last key timestamp: 2025-12-05T15:51:52Z}
{"logTime": "0210/105639", "correlationVector":"eJLZOeltovYsMxqeMYBaDw.1","action":"EncryptionKeysManager::SetEncryptionKeys:", "result":"Success", "context":Key names[2]:[Y4IUqRr+G2f6U0tXpebZrc317X/zojYhEYwx+gryfg0oOTMhb2UV+jVv1wRVZKITjZXtN8hmmKfgq8nZl1xhXw==][EnD2n8/vKD/uP0naycASn4+6vth79X0wG45BlhBjFdmEXP8xklhIRMPNWLxfzC7weYS8y6tscf/N2OrJfpBQfQ==]}
{"logTime": "0210/105639", "correlationVector":"eJLZOeltovYsMxqeMYBaDw.2","action":"EncryptionKeysManager::SetEncryptionKeysWithTimestamps:", "result":"Success", "context":Key timestamps[2]:[2025-06-06T05:23:22Z][2025-12-05T15:51:52Z]}
{"logTime": "0210/105639", "correlationVector":"BPmwRlhJZYfI6XuEI6SvFu","action":"Initial GetUpdates", "result":"", "context":Reason: NEW_CLIENT. cV=BPmwRlhJZYfI6XuEI6SvFu}
{"logTime": "0210/105639", "correlationVector":"BPmwRlhJZYfI6XuEI6SvFu.3","action":"GetUpdates Response", "result":"Success", "context":Received 1 update(s). cV=BPmwRlhJZYfI6XuEI6SvFu.0;server=akswtt102000011;cloudType=Consumer;environment=Prod_southindia_prod-s01-004-apac-southindia;migrationStage=NotStarted}
{"logTime": "0210/105639", "correlationVector":"RAnbMy1exrjJgYFs/hhimu","action":"Initial GetUpdates", "result":"", "context":Reason: NEWLY_SUPPORTED_DATATYPE. cV=RAnbMy1exrjJgYFs/hhimu}
{"logTime": "0210/105640", "correlationVector":"RAnbMy1exrjJgYFs/hhimu.1","action":"SyncServerConnectionManagerRequest", "result":"SYNC_SERVER_OK", "context":{"environment":"Prod_southindia_prod-s01-004-apac-southindia", "migrationStage":"NotStarted", "server":"akswtt10200000h"}}
{"logTime": "0210/105640", "correlationVector":"RAnbMy1exrjJgYFs/hhimu.2","action":"ProcessGetUpdates", "result":"Done", "context":{"dataType":"Preferences", "deleted":"0", "process_failed_to_decrypt":"0", "process_pending_decryption":"0", "process_success":"59", "total":"59"}}
{"logTime": "0210/105640", "correlationVector":"RAnbMy1exrjJgYFs/hhimu.3","action":"ProcessGetUpdates", "result":"Done", "context":{"dataType":"Passwords", "deleted":"0", "process_failed_to_decrypt":"0", "process_pending_decryption":"0", "process_success":"23", "total":"23"}}
{"logTime": "0210/105640", "correlationVector":"RAnbMy1exrjJgYFs/hhimu.4","action":"ProcessGetUpdates", "result":"Done", "context":{"dataType":"Device Info", "deleted":"0", "process_failed_to_decrypt":"0", "process_pending_decryption":"0", "process_success":"4", "total":"4"}}
{"logTime": "0210/105640", "correlationVector":"RAnbMy1exrjJgYFs/hhimu.5","action":"GetUpdates Response", "result":"Success", "context":Received 86 update(s). cV=RAnbMy1exrjJgYFs/hhimu.0;server=akswtt10200000h;cloudType=Consumer;environment=Prod_southindia_prod-s01-004-apac-southindia;migrationStage=NotStarted}
{"logTime": "0210/105640", "correlationVector":"MOH0ZMHTvpsCPRnM9Ck0B1","action":"Initial GetUpdates", "result":"", "context":Reason: NEWLY_SUPPORTED_DATATYPE. cV=MOH0ZMHTvpsCPRnM9Ck0B1}
{"logTime": "0210/105640", "correlationVector":"MOH0ZMHTvpsCPRnM9Ck0B1.1","action":"SyncServerConnectionManagerRequest", "result":"SYNC_SERVER_OK", "context":{"environment":"Prod_southindia_prod-s01-004-apac-southindia", "migrationStage":"NotStarted", "server":"akswtt102000019"}}
{"logTime": "0210/105640", "correlationVector":"MOH0ZMHTvpsCPRnM9Ck0B1.2","action":"ProcessGetUpdates", "result":"Done", "context":{"dataType":"Bookmarks", "deleted":"19", "process_failed_to_decrypt":"0", "process_pending_decryption":"0", "process_success":"27", "total":"27"}}
{"logTime": "0210/105640", "correlationVector":"MOH0ZMHTvpsCPRnM9Ck0B1.3","action":"GetUpdates Response", "result":"Success", "context":Received 27 update(s). cV=MOH0ZMHTvpsCPRnM9Ck0B1.0;server=akswtt102000019;cloudType=Consumer;environment=Prod_southindia_prod-s01-004-apac-southindia;migrationStage=NotStarted}
{"logTime": "0210/105640", "correlationVector":"OXN166C2JpAueUqNg/DrRO","action":"Initial GetUpdates", "result":"", "context":Reason: NEWLY_SUPPORTED_DATATYPE. cV=OXN166C2JpAueUqNg/DrRO}
{"logTime": "0210/105640", "correlationVector":"OXN166C2JpAueUqNg/DrRO.1","action":"SyncServerConnectionManagerRequest", "result":"SYNC_SERVER_OK", "context":{"environment":"Prod_southindia_prod-s01-004-apac-southindia", "migrationStage":"NotStarted", "server":"akswtt10200001a"}}
{"logTime": "0210/105640", "correlationVector":"OXN166C2JpAueUqNg/DrRO.2","action":"ProcessGetUpdates", "result":"Done", "context":{"dataType":"Autofill Profiles", "deleted":"0", "process_failed_to_decrypt":"0", "process_pending_decryption":"0", "process_success":"12", "total":"12"}}
{"logTime": "0210/105640", "correlationVector":"OXN166C2JpAueUqNg/DrRO.3","action":"ProcessGetUpdates", "result":"Done", "context":{"dataType":"Autofill", "deleted":"0", "process_failed_to_decrypt":"0", "process_pending_decryption":"0", "process_success":"20", "total":"20"}}
{"logTime": "0210/105640", "correlationVector":"OXN166C2JpAueUqNg/DrRO.4","action":"ProcessGetUpdates", "result":"Done", "context":{"dataType":"Extensions", "deleted":"0", "process_failed_to_decrypt":"0", "process_pending_decryption":"0", "process_success":"1", "total":"1"}}
{"logTime": "0210/105640", "correlationVector":"OXN166C2JpAueUqNg/DrRO.5","action":"ProcessGetUpdates", "result":"Done", "context":{"dataType":"Sessions", "deleted":"154", "process_failed_to_decrypt":"0", "process_pending_decryption":"0", "process_success":"154", "total":"154"}}
{"logTime": "0210/105640", "correlationVector":"OXN166C2JpAueUqNg/DrRO.6","action":"ProcessGetUpdates", "result":"Done", "context":{"dataType":"Edge Hub App Usage", "deleted":"17", "process_failed_to_decrypt":"0", "process_pending_decryption":"0", "process_success":"63", "total":"63"}}
{"logTime": "0210/105640", "correlationVector":"OXN166C2JpAueUqNg/DrRO.7","action":"GetUpdates Response", "result":"Success", "context":Received 250 update(s). cV=OXN166C2JpAueUqNg/DrRO.0;server=akswtt10200001a;cloudType=Consumer;environment=Prod_southindia_prod-s01-004-apac-southindia;migrationStage=NotStarted Some updates remain.}
{"logTime": "0210/105640", "correlationVector":"OvRXNHt4buTIKPUb5grQfg","action":"Initial GetUpdates", "result":"", "context":Reason: NEWLY_SUPPORTED_DATATYPE. cV=OvRXNHt4buTIKPUb5grQfg}
{"logTime": "0210/105641", "correlationVector":"OvRXNHt4buTIKPUb5grQfg.1","action":"SyncServerConnectionManagerRequest", "result":"SYNC_SERVER_OK", "context":{"environment":"Prod_southindia_prod-s01-004-apac-southindia", "migrationStage":"NotStarted", "server":"akswtt102000009"}}
{"logTime": "0210/105641", "correlationVector":"OvRXNHt4buTIKPUb5grQfg.2","action":"ProcessGetUpdates", "result":"Done", "context":{"dataType":"Autofill", "deleted":"0", "process_failed_to_decrypt":"0", "process_pending_decryption":"0", "process_success":"160", "total":"160"}}
{"logTime": "0210/105641", "correlationVector":"OvRXNHt4buTIKPUb5grQfg.3","action":"ProcessGetUpdates", "result":"Done", "context":{"dataType":"Sessions", "deleted":"78", "process_failed_to_decrypt":"0", "process_pending_decryption":"0", "process_success":"78", "total":"78"}}
{"logTime": "0210/105641", "correlationVector":"OvRXNHt4buTIKPUb5grQfg.4","action":"ProcessGetUpdates", "result":"Done", "context":{"dataType":"Saved Tab Group", "deleted":"3", "process_failed_to_decrypt":"0", "process_pending_decryption":"0", "process_success":"3", "total":"3"}}
{"logTime": "0210/105641", "correlationVector":"OvRXNHt4buTIKPUb5grQfg.5","action":"ProcessGetUpdates", "result":"Done", "context":{"dataType":"Edge Hub App Usage", "deleted":"0", "process_failed_to_decrypt":"0", "process_pending_decryption":"0", "process_success":"9", "total":"9"}}
{"logTime": "0210/105641", "correlationVector":"OvRXNHt4buTIKPUb5grQfg.6","action":"GetUpdates Response", "result":"Success", "context":Received 250 update(s). cV=OvRXNHt4buTIKPUb5grQfg.0;server=akswtt102000009;cloudType=Consumer;environment=Prod_southindia_prod-s01-004-apac-southindia;migrationStage=NotStarted Some updates remain.}
{"logTime": "0210/105641", "correlationVector":"+j10DGPR8Y6jhy97hSdua/","action":"Initial GetUpdates", "result":"", "context":Reason: NEWLY_SUPPORTED_DATATYPE. cV=+j10DGPR8Y6jhy97hSdua/}
{"logTime": "0210/105641", "correlationVector":"+j10DGPR8Y6jhy97hSdua/.1","action":"SyncServerConnectionManagerRequest", "result":"SYNC_SERVER_OK", "context":{"environment":"Prod_southindia_prod-s01-004-apac-southindia", "migrationStage":"NotStarted", "server":"akswtt102000012"}}
{"logTime": "0210/105641", "correlationVector":"+j10DGPR8Y6jhy97hSdua/.2","action":"ProcessGetUpdates", "result":"Done", "context":{"dataType":"Autofill", "deleted":"0", "process_failed_to_decrypt":"0", "process_pending_decryption":"0", "process_success":"9", "total":"9"}}
{"logTime": "0210/105641", "correlationVector":"+j10DGPR8Y6jhy97hSdua/.3","action":"ProcessGetUpdates", "result":"Done", "context":{"dataType":"Sessions", "deleted":"140", "process_failed_to_decrypt":"0", "process_pending_decryption":"0", "process_success":"140", "total":"140"}}
{"logTime": "0210/105641", "correlationVector":"+j10DGPR8Y6jhy97hSdua/.4","action":"ProcessGetUpdates", "result":"Done", "context":{"dataType":"Edge Hub App Usage", "deleted":"38", "process_failed_to_decrypt":"0", "process_pending_decryption":"0", "process_success":"101", "total":"101"}}
{"logTime": "0210/105641", "correlationVector":"+j10DGPR8Y6jhy97hSdua/.5","action":"GetUpdates Response", "result":"Success", "context":Received 250 update(s). cV=+j10DGPR8Y6jhy97hSdua/.0;server=akswtt102000012;cloudType=Consumer;environment=Prod_southindia_prod-s01-004-apac-southindia;migrationStage=NotStarted Some updates remain.}
{"logTime": "0210/105641", "correlationVector":"yPlVIClLAZ/HQXJgavR1JG","action":"Initial GetUpdates", "result":"", "context":Reason: NEWLY_SUPPORTED_DATATYPE. cV=yPlVIClLAZ/HQXJgavR1JG}
{"logTime": "0210/105642", "correlationVector":"yPlVIClLAZ/HQXJgavR1JG.1","action":"SyncServerConnectionManagerRequest", "result":"SYNC_SERVER_OK", "context":{"environment":"Prod_southindia_prod-s01-004-apac-southindia", "migrationStage":"NotStarted", "server":"akswtt102000007"}}
{"logTime": "0210/105642", "correlationVector":"yPlVIClLAZ/HQXJgavR1JG.2","action":"ProcessGetUpdates", "result":"Done", "context":{"dataType":"Autofill", "deleted":"0", "process_failed_to_decrypt":"0", "process_pending_decryption":"0", "process_success":"17", "total":"17"}}
{"logTime": "0210/105642", "correlationVector":"yPlVIClLAZ/HQXJgavR1JG.3","action":"ProcessGetUpdates", "result":"Done", "context":{"dataType":"Sessions", "deleted":"142", "process_failed_to_decrypt":"0", "process_pending_decryption":"0", "process_success":"142", "total":"142"}}
{"logTime": "0210/105642", "correlationVector":"yPlVIClLAZ/HQXJgavR1JG.4","action":"ProcessGetUpdates", "result":"Done", "context":{"dataType":"Edge Hub App Usage", "deleted":"30", "process_failed_to_decrypt":"0", "process_pending_decryption":"0", "process_success":"91", "total":"91"}}
{"logTime": "0210/105642", "correlationVector":"yPlVIClLAZ/HQXJgavR1JG.5","action":"GetUpdates Response", "result":"Success", "context":Received 250 update(s). cV=yPlVIClLAZ/HQXJgavR1JG.0;server=akswtt102000007;cloudType=Consumer;environment=Prod_southindia_prod-s01-004-apac-southindia;migrationStage=NotStarted Some updates remain.}
{"logTime": "0210/105642", "correlationVector":"CyI7RKqGwedV45zdBSZkJA","action":"Initial GetUpdates", "result":"", "context":Reason: NEWLY_SUPPORTED_DATATYPE. cV=CyI7RKqGwedV45zdBSZkJA}
{"logTime": "0210/105642", "correlationVector":"CyI7RKqGwedV45zdBSZkJA.1","action":"SyncServerConnectionManagerRequest", "result":"SYNC_SERVER_OK", "context":{"environment":"Prod_southindia_prod-s01-004-apac-southindia", "migrationStage":"NotStarted", "server":"akswtt10200000q"}}
{"logTime": "0210/105642", "correlationVector":"CyI7RKqGwedV45zdBSZkJA.2","action":"ProcessGetUpdates", "result":"Done", "context":{"dataType":"Autofill Profiles", "deleted":"0", "process_failed_to_decrypt":"0", "process_pending_decryption":"0", "process_success":"3", "total":"3"}}
{"logTime": "0210/105642", "correlationVector":"CyI7RKqGwedV45zdBSZkJA.3","action":"ProcessGetUpdates", "result":"Done", "context":{"dataType":"Autofill", "deleted":"0", "process_failed_to_decrypt":"0", "process_pending_decryption":"0", "process_success":"22", "total":"22"}}
{"logTime": "0210/105642", "correlationVector":"CyI7RKqGwedV45zdBSZkJA.4","action":"ProcessGetUpdates", "result":"Done", "context":{"dataType":"Sessions", "deleted":"111", "process_failed_to_decrypt":"0", "process_pending_decryption":"0", "process_success":"118", "total":"118"}}
{"logTime": "0210/105642", "correlationVector":"CyI7RKqGwedV45zdBSZkJA.5","action":"ProcessGetUpdates", "result":"Done", "context":{"dataType":"Edge Hub App Usage", "deleted":"6", "process_failed_to_decrypt":"0", "process_pending_decryption":"0", "process_success":"56", "total":"56"}}
{"logTime": "0210/105642", "correlationVector":"CyI7RKqGwedV45zdBSZkJA.6","action":"GetUpdates Response", "result":"Success", "context":Received 199 update(s). cV=CyI7RKqGwedV45zdBSZkJA.0;server=akswtt10200000q;cloudType=Consumer;environment=Prod_southindia_prod-s01-004-apac-southindia;migrationStage=NotStarted}
{"logTime": "0210/105642", "correlationVector":"ltWq0TCVA02JWcBZ7ZVxeR","action":"Initial GetUpdates", "result":"", "context":Reason: NEWLY_SUPPORTED_DATATYPE. cV=ltWq0TCVA02JWcBZ7ZVxeR}
{"logTime": "0210/105643", "correlationVector":"ltWq0TCVA02JWcBZ7ZVxeR.1","action":"SyncServerConnectionManagerRequest", "result":"SYNC_SERVER_OK", "context":{"environment":"Prod_southindia_prod-s01-004-apac-southindia", "migrationStage":"NotStarted", "server":"akswtt10200001a"}}
{"logTime": "0210/105643", "correlationVector":"ltWq0TCVA02JWcBZ7ZVxeR.2","action":"ProcessGetUpdates", "result":"Done", "context":{"dataType":"History", "deleted":"0", "process_failed_to_decrypt":"0", "process_pending_decryption":"0", "process_success":"250", "total":"250"}}
{"logTime": "0210/105643", "correlationVector":"ltWq0TCVA02JWcBZ7ZVxeR.3","action":"GetUpdates Response", "result":"Success", "context":Received 250 update(s). cV=ltWq0TCVA02JWcBZ7ZVxeR.0;server=akswtt10200001a;cloudType=Consumer;environment=Prod_southindia_prod-s01-004-apac-southindia;migrationStage=NotStarted Some updates remain.}
{"logTime": "0210/105643", "correlationVector":"1vvm8/SmITGQEQW6gI0WYN","action":"Initial GetUpdates", "result":"", "context":Reason: NEWLY_SUPPORTED_DATATYPE. cV=1vvm8/SmITGQEQW6gI0WYN}
{"logTime": "0210/105643", "correlationVector":"1vvm8/SmITGQEQW6gI0WYN.1","action":"SyncServerConnectionManagerRequest", "result":"SYNC_SERVER_OK", "context":{"environment":"Prod_southindia_prod-s01-004-apac-southindia", "migrationStage":"NotStarted", "server":"akswtt102000015"}}
{"logTime": "0210/105643", "correlationVector":"1vvm8/SmITGQEQW6gI0WYN.2","action":"ProcessGetUpdates", "result":"Done", "context":{"dataType":"History", "deleted":"0", "process_failed_to_decrypt":"0", "process_pending_decryption":"0", "process_success":"250", "total":"250"}}
{"logTime": "0210/105643", "correlationVector":"1vvm8/SmITGQEQW6gI0WYN.3","action":"GetUpdates Response", "result":"Success", "context":Received 250 update(s). cV=1vvm8/SmITGQEQW6gI0WYN.0;server=akswtt102000015;cloudType=Consumer;environment=Prod_southindia_prod-s01-004-apac-southindia;migrationStage=NotStarted Some updates remain.}
{"logTime": "0210/105643", "correlationVector":"+0HK5Ley09UoWYJCg/ZvLx","action":"Initial GetUpdates", "result":"", "context":Reason: NEWLY_SUPPORTED_DATATYPE. cV=+0HK5Ley09UoWYJCg/ZvLx}
{"logTime": "0210/105644", "correlationVector":"+0HK5Ley09UoWYJCg/ZvLx.1","action":"SyncServerConnectionManagerRequest", "result":"SYNC_SERVER_OK", "context":{"environment":"Prod_southindia_prod-s01-004-apac-southindia", "migrationStage":"NotStarted", "server":"akswtt10200000u"}}
{"logTime": "0210/105644", "correlationVector":"+0HK5Ley09UoWYJCg/ZvLx.2","action":"ProcessGetUpdates", "result":"Done", "context":{"dataType":"History", "deleted":"0", "process_failed_to_decrypt":"0", "process_pending_decryption":"0", "process_success":"250", "total":"250"}}
{"logTime": "0210/105644", "correlationVector":"+0HK5Ley09UoWYJCg/ZvLx.3","action":"GetUpdates Response", "result":"Success", "context":Received 250 update(s). cV=+0HK5Ley09UoWYJCg/ZvLx.0;server=akswtt10200000u;cloudType=Consumer;environment=Prod_southindia_prod-s01-004-apac-southindia;migrationStage=NotStarted Some updates remain.}
{"logTime": "0210/105644", "correlationVector":"PFcdWu5pGUu1pSFzBaO3tg","action":"Initial GetUpdates", "result":"", "context":Reason: NEWLY_SUPPORTED_DATATYPE. cV=PFcdWu5pGUu1pSFzBaO3tg}
{"logTime": "0210/105645", "correlationVector":"PFcdWu5pGUu1pSFzBaO3tg.1","action":"SyncServerConnectionManagerRequest", "result":"SYNC_SERVER_OK", "context":{"environment":"Prod_southindia_prod-s01-004-apac-southindia", "migrationStage":"NotStarted", "server":"akswtt10200000b"}}
{"logTime": "0210/105645", "correlationVector":"PFcdWu5pGUu1pSFzBaO3tg.2","action":"ProcessGetUpdates", "result":"Done", "context":{"dataType":"History", "deleted":"0", "process_failed_to_decrypt":"0", "process_pending_decryption":"0", "process_success":"250", "total":"250"}}
{"logTime": "0210/105645", "correlationVector":"PFcdWu5pGUu1pSFzBaO3tg.3","action":"GetUpdates Response", "result":"Success", "context":Received 250 update(s). cV=PFcdWu5pGUu1pSFzBaO3tg.0;server=akswtt10200000b;cloudType=Consumer;environment=Prod_southindia_prod-s01-004-apac-southindia;migrationStage=NotStarted Some updates remain.}
{"logTime": "0210/105645", "correlationVector":"7QdNDpc37qBVCOJJjONS8w","action":"Initial GetUpdates", "result":"", "context":Reason: NEWLY_SUPPORTED_DATATYPE. cV=7QdNDpc37qBVCOJJjONS8w}
{"logTime": "0210/105645", "correlationVector":"7QdNDpc37qBVCOJJjONS8w.1","action":"SyncServerConnectionManagerRequest", "result":"SYNC_SERVER_OK", "context":{"environment":"Prod_southindia_prod-s01-004-apac-southindia", "migrationStage":"NotStarted", "server":"akswtt102000007"}}
{"logTime": "0210/105645", "correlationVector":"7QdNDpc37qBVCOJJjONS8w.2","action":"ProcessGetUpdates", "result":"Done", "context":{"dataType":"History", "deleted":"0", "process_failed_to_decrypt":"0", "process_pending_decryption":"0", "process_success":"250", "total":"250"}}
{"logTime": "0210/105645", "correlationVector":"7QdNDpc37qBVCOJJjONS8w.3","action":"GetUpdates Response", "result":"Success", "context":Received 250 update(s). cV=7QdNDpc37qBVCOJJjONS8w.0;server=akswtt102000007;cloudType=Consumer;environment=Prod_southindia_prod-s01-004-apac-southindia;migrationStage=NotStarted Some updates remain.}
{"logTime": "0210/105645", "correlationVector":"7QX3f/0YxRdEPPIenHc/6R","action":"Initial GetUpdates", "result":"", "context":Reason: NEWLY_SUPPORTED_DATATYPE. cV=7QX3f/0YxRdEPPIenHc/6R}
{"logTime": "0210/105646", "correlationVector":"7QX3f/0YxRdEPPIenHc/6R.1","action":"SyncServerConnectionManagerRequest", "result":"SYNC_SERVER_OK", "context":{"environment":"Prod_southindia_prod-s01-004-apac-southindia", "migrationStage":"NotStarted", "server":"akswtt10200000o"}}
{"logTime": "0210/105646", "correlationVector":"7QX3f/0YxRdEPPIenHc/6R.2","action":"ProcessGetUpdates", "result":"Done", "context":{"dataType":"History", "deleted":"0", "process_failed_to_decrypt":"0", "process_pending_decryption":"0", "process_success":"250", "total":"250"}}
{"logTime": "0210/105646", "correlationVector":"7QX3f/0YxRdEPPIenHc/6R.3","action":"GetUpdates Response", "result":"Success", "context":Received 250 update(s). cV=7QX3f/0YxRdEPPIenHc/6R.0;server=akswtt10200000o;cloudType=Consumer;environment=Prod_southindia_prod-s01-004-apac-southindia;migrationStage=NotStarted Some updates remain.}
{"logTime": "0210/105646", "correlationVector":"vlKp/zXW7eCI/oxklp9+2I","action":"Initial GetUpdates", "result":"", "context":Reason: NEWLY_SUPPORTED_DATATYPE. cV=vlKp/zXW7eCI/oxklp9+2I}
{"logTime": "0210/105646", "correlationVector":"vlKp/zXW7eCI/oxklp9+2I.1","action":"SyncServerConnectionManagerRequest", "result":"SYNC_SERVER_OK", "context":{"environment":"Prod_southindia_prod-s01-004-apac-southindia", "migrationStage":"NotStarted", "server":"akswtt10200000k"}}
{"logTime": "0210/105646", "correlationVector":"vlKp/zXW7eCI/oxklp9+2I.2","action":"ProcessGetUpdates", "result":"Done", "context":{"dataType":"History", "deleted":"0", "process_failed_to_decrypt":"0", "process_pending_decryption":"0", "process_success":"51", "total":"51"}}
{"logTime": "0210/105646", "correlationVector":"vlKp/zXW7eCI/oxklp9+2I.3","action":"GetUpdates Response", "result":"Success", "context":Received 51 update(s). cV=vlKp/zXW7eCI/oxklp9+2I.0;server=akswtt10200000k;cloudType=Consumer;environment=Prod_southindia_prod-s01-004-apac-southindia;migrationStage=NotStarted}
{"logTime": "0210/105647", "correlationVector":"8HbaOP0qZykINUcd1NiUbG","action":"Normal GetUpdate request", "result":"", "context":cV=8HbaOP0qZykINUcd1NiUbG
Nudged types: Sessions, Device Info
Refresh requested types: Bookmarks, Preferences, Passwords, Autofill Profiles, Autofill, Extensions, Sessions, Extension settings, History Delete Directives, Device Info, User Consents, Send Tab To Self, Web Apps, History, Saved Tab Group, WebAuthn Credentials, Collection, Edge E Drop, Edge Hub App Usage, Edge Wallet, Encryption Keys}
{"logTime": "0210/105707", "correlationVector":"8HbaOP0qZykINUcd1NiUbG.1","action":"SyncServerConnectionManagerRequest", "result":"SYNC_SERVER_OK", "context":{"environment":"Prod_southindia_prod-s01-004-apac-southindia", "migrationStage":"NotStarted", "server":"akswtt10200000v"}}
{"logTime": "0210/105707", "correlationVector":"8HbaOP0qZykINUcd1NiUbG.2","action":"GetUpdates Response", "result":"Success", "context":Received 0 update(s). cV=8HbaOP0qZykINUcd1NiUbG.0;server=akswtt10200000v;cloudType=Consumer;environment=Prod_southindia_prod-s01-004-apac-southindia;migrationStage=NotStarted}
{"logTime": "0210/105707", "correlationVector":"JpU3B6Kk3aV9SspHElxQUI","action":"Commit Request", "result":"", "context":Item count: 4
Contributing types: Sessions, Device Info, History}
{"logTime": "0210/105707", "correlationVector":"JpU3B6Kk3aV9SspHElxQUI.1","action":"SyncServerConnectionManagerRequest", "result":"SYNC_SERVER_OK", "context":{"environment":"Prod_southindia_prod-s01-004-apac-southindia", "migrationStage":"NotStarted", "server":"akswtt10200001d"}}
{"logTime": "0210/105707", "correlationVector":"JpU3B6Kk3aV9SspHElxQUI.2","action":"Commit Response", "result":"Success", "context":Result: Success. cV=JpU3B6Kk3aV9SspHElxQUI.0;server=akswtt10200001d;cloudType=Consumer;environment=Prod_southindia_prod-s01-004-apac-southindia;migrationStage=NotStarted}
{"logTime": "0210/105707", "correlationVector":"UtbMCJWzWKRYFWuGcBBWUQ","action":"Poll GetUpdate request", "result":"", "context":cV=UtbMCJWzWKRYFWuGcBBWUQ}
{"logTime": "0210/105707", "correlationVector":"UtbMCJWzWKRYFWuGcBBWUQ.1","action":"SyncServerConnectionManagerRequest", "result":"SYNC_SERVER_OK", "context":{"environment":"Prod_southindia_prod-s01-004-apac-southindia", "migrationStage":"NotStarted", "server":"akswtt102000000"}}
{"logTime": "0210/105707", "correlationVector":"UtbMCJWzWKRYFWuGcBBWUQ.2","action":"ProcessGetUpdates", "result":"Done", "context":{"dataType":"Sessions", "deleted":"0", "process_failed_to_decrypt":"0", "process_pending_decryption":"0", "process_success":"2", "total":"2"}}
{"logTime": "0210/105707", "correlationVector":"UtbMCJWzWKRYFWuGcBBWUQ.3","action":"ProcessGetUpdates", "result":"Done", "context":{"dataType":"Device Info", "deleted":"0", "process_failed_to_decrypt":"0", "process_pending_decryption":"0", "process_success":"1", "total":"1"}}
{"logTime": "0210/105707", "correlationVector":"UtbMCJWzWKRYFWuGcBBWUQ.4","action":"ProcessGetUpdates", "result":"Done", "context":{"dataType":"History", "deleted":"0", "process_failed_to_decrypt":"0", "process_pending_decryption":"0", "process_success":"1", "total":"1"}}
{"logTime": "0210/105707", "correlationVector":"UtbMCJWzWKRYFWuGcBBWUQ.5","action":"GetUpdates Response", "result":"Success", "context":Received 4 update(s). cV=UtbMCJWzWKRYFWuGcBBWUQ.0;server=akswtt102000000;cloudType=Consumer;environment=Prod_southindia_prod-s01-004-apac-southindia;migrationStage=NotStarted}
{"logTime": "0210/105809", "correlationVector":"SvIizJqGyU5cPsnQzGp8IB","action":"Commit Request", "result":"", "context":Item count: 2
Contributing types: Sessions, History}
{"logTime": "0210/105810", "correlationVector":"SvIizJqGyU5cPsnQzGp8IB.1","action":"SyncServerConnectionManagerRequest", "result":"SYNC_SERVER_OK", "context":{"environment":"Prod_southindia_prod-s01-004-apac-southindia", "migrationStage":"NotStarted", "server":"akswtt10200000w"}}
{"logTime": "0210/105810", "correlationVector":"SvIizJqGyU5cPsnQzGp8IB.2","action":"Commit Response", "result":"Success", "context":Result: Success. cV=SvIizJqGyU5cPsnQzGp8IB.0;server=akswtt10200000w;cloudType=Consumer;environment=Prod_southindia_prod-s01-004-apac-southindia;migrationStage=NotStarted}
{"logTime": "0210/105830", "correlationVector":"Wj/0M+nYduKzpx1WUt+6Ky","action":"Commit Request", "result":"", "context":Item count: 1
Contributing types: Device Info}
{"logTime": "0210/105830", "correlationVector":"Wj/0M+nYduKzpx1WUt+6Ky.1","action":"SyncServerConnectionManagerRequest", "result":"SYNC_SERVER_OK", "context":{"environment":"Prod_southindia_prod-s01-004-apac-southindia", "migrationStage":"NotStarted", "server":"akswtt10200000m"}}
{"logTime": "0210/105830", "correlationVector":"Wj/0M+nYduKzpx1WUt+6Ky.2","action":"Commit Response", "result":"Success", "context":Result: Success. cV=Wj/0M+nYduKzpx1WUt+6Ky.0;server=akswtt10200000m;cloudType=Consumer;environment=Prod_southindia_prod-s01-004-apac-southindia;migrationStage=NotStarted}
{"logTime": "0210/110121", "correlationVector":"niICHmMbvOy2sfjgS/ECHJ","action":"Commit Request", "result":"", "context":Item count: 2
Contributing types: Preferences, Sessions}
{"logTime": "0210/110121", "correlationVector":"niICHmMbvOy2sfjgS/ECHJ.1","action":"SyncServerConnectionManagerRequest", "result":"SYNC_SERVER_OK", "context":{"environment":"Prod_southindia_prod-s01-004-apac-southindia", "migrationStage":"NotStarted", "server":"akswtt102000018"}}
{"logTime": "0210/110121", "correlationVector":"niICHmMbvOy2sfjgS/ECHJ.2","action":"Commit Response", "result":"Success", "context":Result: Success. cV=niICHmMbvOy2sfjgS/ECHJ.0;server=akswtt102000018;cloudType=Consumer;environment=Prod_southindia_prod-s01-004-apac-southindia;migrationStage=NotStarted}
{"logTime": "0210/110224", "correlationVector":"w0GWRGJ7OUCA7ebhMf0zK3","action":"Commit Request", "result":"", "context":Item count: 4
Contributing types: Sessions, History}
{"logTime": "0210/110225", "correlationVector":"w0GWRGJ7OUCA7ebhMf0zK3.1","action":"SyncServerConnectionManagerRequest", "result":"SYNC_SERVER_OK", "context":{"environment":"Prod_southindia_prod-s01-004-apac-southindia", "migrationStage":"NotStarted", "server":"akswtt102000011"}}
{"logTime": "0210/110225", "correlationVector":"w0GWRGJ7OUCA7ebhMf0zK3.2","action":"Commit Response", "result":"Success", "context":Result: Success. cV=w0GWRGJ7OUCA7ebhMf0zK3.0;server=akswtt102000011;cloudType=Consumer;environment=Prod_southindia_prod-s01-004-apac-southindia;migrationStage=NotStarted}
