2026-02-08 09:41:30.422: [INFO][Sync] Reset engine, reason: 8
2026-02-08 09:41:30.422: [INFO][Sync] Stopped: Bookmarks
2026-02-08 09:41:30.422: [INFO][Sync] Stopped: Preferences
2026-02-08 09:41:30.422: [INFO][Sync] Stopped: Passwords
2026-02-08 09:41:30.422: [INFO][Sync] Stopped: Autofill Profiles
2026-02-08 09:41:30.422: [INFO][Sync] Stopped: Autofill
2026-02-08 09:41:30.422: [INFO][Sync] Stopped: Extensions
2026-02-08 09:41:30.422: [INFO][Sync] Stopped: Sessions
2026-02-08 09:41:30.422: [INFO][Sync] Stopped: Extension settings
2026-02-08 09:41:30.422: [INFO][Sync] Stopped: History Delete Directives
2026-02-08 09:41:30.422: [INFO][Sync] Stopped: Device Info
2026-02-08 09:41:30.422: [INFO][Sync] Stopped: User Consents
2026-02-08 09:41:30.422: [INFO][Sync] Stopped: Send Tab To Self
2026-02-08 09:41:30.422: [INFO][Sync] Stopped: Web Apps
2026-02-08 09:41:30.422: [INFO][Sync] Stopped: History
2026-02-08 09:41:30.422: [INFO][Sync] Stopped: Saved Tab Group
2026-02-08 09:41:30.422: [INFO][Sync] Stopped: WebAuthn Credentials
2026-02-08 09:41:30.422: [INFO][Sync] Stopped: Collection
2026-02-08 09:41:30.422: [INFO][Sync] Stopped: Edge E Drop
2026-02-08 09:41:30.422: [INFO][Sync] Stopped: Edge Hub App Usage
2026-02-08 09:41:30.422: [INFO][Sync] Stopped: Edge Wallet
2026-02-08 09:41:30.423: [INFO][Sync] SyncState after authenticated was: NotSignedIn
2026-02-08 09:41:31.055: [INFO][Sync] Reset engine, reason: 8
2026-02-08 09:41:31.055: [INFO][Sync] Stopped: Bookmarks
2026-02-08 09:41:31.055: [INFO][Sync] Stopped: Preferences
2026-02-08 09:41:31.055: [INFO][Sync] Stopped: Passwords
2026-02-08 09:41:31.055: [INFO][Sync] Stopped: Autofill Profiles
2026-02-08 09:41:31.055: [INFO][Sync] Stopped: Autofill
2026-02-08 09:41:31.055: [INFO][Sync] Stopped: Extensions
2026-02-08 09:41:31.055: [INFO][Sync] Stopped: Sessions
2026-02-08 09:41:31.055: [INFO][Sync] Stopped: Extension settings
2026-02-08 09:41:31.055: [INFO][Sync] Stopped: History Delete Directives
2026-02-08 09:41:31.055: [INFO][Sync] Stopped: Device Info
2026-02-08 09:41:31.055: [INFO][Sync] Stopped: User Consents
2026-02-08 09:41:31.055: [INFO][Sync] Stopped: Send Tab To Self
2026-02-08 09:41:31.055: [INFO][Sync] Stopped: Web Apps
2026-02-08 09:41:31.055: [INFO][Sync] Stopped: History
2026-02-08 09:41:31.055: [INFO][Sync] Stopped: Saved Tab Group
2026-02-08 09:41:31.055: [INFO][Sync] Stopped: WebAuthn Credentials
2026-02-08 09:41:31.055: [INFO][Sync] Stopped: Collection
2026-02-08 09:41:31.055: [INFO][Sync] Stopped: Edge E Drop
2026-02-08 09:41:31.055: [INFO][Sync] Stopped: Edge Hub App Usage
2026-02-08 09:41:31.055: [INFO][Sync] Stopped: Edge Wallet
2026-02-08 09:41:33.598: [INFO][Sync] Try to start sync engine
2026-02-08 09:41:33.602: [INFO][SyncManagerImpl::NudgeForInitialDownload] Initial download nudge for Encryption Keys
2026-02-08 09:41:33.602: [INFO][SyncEngineBackend::LoadAndConnectNigoriController] Load and connect Nigori controller
2026-02-08 09:41:33.602: [INFO][SyncEngineBackend::DoInitialize] Control Types added: Encryption Keys
2026-02-08 09:41:33.602: [INFO][SyncManagerImpl::ConfigureSyncer] Types to download: Encryption Keys with reason: 3
2026-02-08 09:41:33.602: [INFO][SyncSchedulerImpl::DoConfigurationSyncCycleJob] Configure job was blocked
2026-02-08 09:41:33.644: [INFO][SyncAuthManager::SetLastAuthError] Current auth error: None
2026-02-08 09:41:33.644: [INFO][SyncAuthManager::EdgeLogTokenErrorState] Token error with: None for account type: MSA
2026-02-08 09:41:33.644: [INFO][Sync] Credentials changed for: EdgeSyncScopeNew
2026-02-08 09:41:34.551: [INFO][SyncAuthManager::SetLastAuthError] Current auth error: None
2026-02-08 09:41:34.551: [INFO][SyncAuthManager::EdgeLogTokenErrorState] Token error with: None for account type: MSA
2026-02-08 09:41:34.551: [INFO][Sync] Credentials changed for: EdgeSyncKeyDataScope
2026-02-08 09:41:34.551: [INFO][SyncEngineBackend::DoUpdateKeyDataCredentials] Update key data credentials
2026-02-08 09:41:34.551: [INFO][SyncEngineBackend::DoUpdateCredentials] Update credentials
2026-02-08 09:41:34.551: [INFO][SyncSchedulerImpl::DoConfigurationSyncCycleJob] Blocked types:  and types to download: Encryption Keys
2026-02-08 09:41:34.992: [INFO][Sync] Started DataTypeManager configuration, reason: 4
2026-02-08 09:41:34.992: [INFO][Sync] Configuring for: Bookmarks, Preferences, Passwords, Autofill Profiles, Autofill, Extensions, Sessions, Extension settings, History Delete Directives, Device Info, User Consents, Send Tab To Self, Web Apps, History, Saved Tab Group, WebAuthn Credentials, Collection, Edge E Drop, Edge Hub App Usage, Edge Wallet, Encryption Keys, reason: 3, current state: 0
2026-02-08 09:41:34.992: [WARN][Sync] Crypto error data types: Passwords, Autofill Profiles, Autofill
2026-02-08 09:41:34.994: [INFO][Sync] Configure, desired: Bookmarks, Preferences, Extensions, Sessions, Extension settings, History Delete Directives, Device Info, User Consents, Send Tab To Self, Web Apps, History, Saved Tab Group, WebAuthn Credentials, Collection, Edge E Drop, Edge Hub App Usage, Edge Wallet, Encryption Keys; Allow fail: Passwords, Autofill Profiles, Autofill
2026-02-08 09:41:34.994: [INFO][Sync] Loading: Bookmarks
2026-02-08 09:41:34.994: [INFO][Sync] Loading: Preferences
2026-02-08 09:41:34.994: [INFO][Sync] Loading: Extensions
2026-02-08 09:41:34.994: [INFO][Sync] Loading: Sessions
2026-02-08 09:41:34.994: [INFO][Sync] Loading: Extension settings
2026-02-08 09:41:34.994: [INFO][Sync] Loading: History Delete Directives
2026-02-08 09:41:34.994: [INFO][Sync] Loading: Device Info
2026-02-08 09:41:34.994: [INFO][Sync] Loading: User Consents
2026-02-08 09:41:34.994: [INFO][Sync] Loading: Send Tab To Self
2026-02-08 09:41:34.994: [INFO][Sync] Loading: Web Apps
2026-02-08 09:41:34.994: [INFO][Sync] Loading: History
2026-02-08 09:41:34.994: [INFO][Sync] Loading: Saved Tab Group
2026-02-08 09:41:34.994: [INFO][Sync] Loading: WebAuthn Credentials
2026-02-08 09:41:34.994: [INFO][Sync] Loading: Collection
2026-02-08 09:41:34.994: [INFO][Sync] Loading: Edge E Drop
2026-02-08 09:41:34.994: [INFO][Sync] Loading: Edge Hub App Usage
2026-02-08 09:41:34.994: [INFO][Sync] Loading: Edge Wallet
2026-02-08 09:41:35.002: [INFO][Sync] All data types are ready for configure.
2026-02-08 09:41:35.651: [INFO][Sync] Started DataTypeManager configuration, reason: 5
2026-02-08 09:41:35.651: [INFO][Sync] Configuring for: Bookmarks, Preferences, Passwords, Autofill Profiles, Autofill, Extensions, Sessions, Extension settings, History Delete Directives, Device Info, User Consents, Send Tab To Self, Web Apps, History, Saved Tab Group, WebAuthn Credentials, Collection, Edge E Drop, Edge Hub App Usage, Edge Wallet, Encryption Keys, reason: 5, current state: 1
2026-02-08 09:41:35.654: [INFO][SyncEngineBackend::DoStartConfiguration] Start configuration
2026-02-08 09:41:35.654: [INFO][SyncManagerImpl::NudgeForInitialDownload] Initial download nudge for Bookmarks
2026-02-08 09:41:35.654: [INFO][SyncManagerImpl::NudgeForInitialDownload] Initial download nudge for Preferences
2026-02-08 09:41:35.654: [INFO][SyncManagerImpl::NudgeForInitialDownload] Initial download nudge for Extensions
2026-02-08 09:41:35.654: [INFO][SyncManagerImpl::NudgeForInitialDownload] Initial download nudge for Sessions
2026-02-08 09:41:35.654: [INFO][SyncManagerImpl::NudgeForInitialDownload] Initial download nudge for Extension settings
2026-02-08 09:41:35.654: [INFO][SyncManagerImpl::NudgeForInitialDownload] Initial download nudge for History Delete Directives
2026-02-08 09:41:35.654: [INFO][SyncManagerImpl::NudgeForInitialDownload] Initial download nudge for Device Info
2026-02-08 09:41:35.654: [INFO][SyncManagerImpl::NudgeForInitialDownload] Initial download nudge for Send Tab To Self
2026-02-08 09:41:35.654: [INFO][SyncManagerImpl::NudgeForInitialDownload] Initial download nudge for Web Apps
2026-02-08 09:41:35.654: [INFO][SyncManagerImpl::NudgeForInitialDownload] Initial download nudge for History
2026-02-08 09:41:35.654: [INFO][SyncManagerImpl::NudgeForInitialDownload] Initial download nudge for Saved Tab Group
2026-02-08 09:41:35.655: [INFO][SyncManagerImpl::NudgeForInitialDownload] Initial download nudge for WebAuthn Credentials
2026-02-08 09:41:35.655: [INFO][SyncManagerImpl::NudgeForInitialDownload] Initial download nudge for Collection
2026-02-08 09:41:35.655: [INFO][SyncManagerImpl::NudgeForInitialDownload] Initial download nudge for Edge E Drop
2026-02-08 09:41:35.655: [INFO][SyncManagerImpl::NudgeForInitialDownload] Initial download nudge for Edge Hub App Usage
2026-02-08 09:41:35.655: [INFO][SyncManagerImpl::NudgeForInitialDownload] Initial download nudge for Edge Wallet
2026-02-08 09:41:35.655: [INFO][SyncManagerImpl::ConfigureSyncer] Types to download:  with reason: 3
2026-02-08 09:41:35.655: [INFO][SyncEngineBackend::DoFinishConfigureDataTypes] Failed to download types:  and succeeded types: 
2026-02-08 09:41:35.660: [INFO][Sync] ConfigurationDone, failed: , succeeded: , remaining count: 4
2026-02-08 09:41:35.660: [WARN][Sync]     Reconfigure requested while configuration ongoing.
2026-02-08 09:41:35.660: [INFO][Sync] Configuring for: Bookmarks, Preferences, Passwords, Autofill Profiles, Autofill, Extensions, Sessions, Extension settings, History Delete Directives, Device Info, User Consents, Send Tab To Self, Web Apps, History, Saved Tab Group, WebAuthn Credentials, Collection, Edge E Drop, Edge Hub App Usage, Edge Wallet, Encryption Keys, reason: 5, current state: 2
2026-02-08 09:41:35.660: [INFO][Sync] Configure, desired: Bookmarks, Preferences, Passwords, Autofill Profiles, Autofill, Extensions, Sessions, Extension settings, History Delete Directives, Device Info, User Consents, Send Tab To Self, Web Apps, History, Saved Tab Group, WebAuthn Credentials, Collection, Edge E Drop, Edge Hub App Usage, Edge Wallet, Encryption Keys; Allow fail: 
2026-02-08 09:41:35.660: [INFO][Sync] Loading: Passwords
2026-02-08 09:41:35.660: [INFO][Sync] Loading: Autofill Profiles
2026-02-08 09:41:35.660: [INFO][Sync] Loading: Autofill
2026-02-08 09:41:35.660: [INFO][Sync] All data types are ready for configure.
2026-02-08 09:41:35.660: [INFO][SyncManagerImpl::NudgeForInitialDownload] Initial download nudge for Passwords
2026-02-08 09:41:35.660: [INFO][SyncManagerImpl::NudgeForInitialDownload] Initial download nudge for Autofill Profiles
2026-02-08 09:41:35.660: [INFO][SyncManagerImpl::NudgeForInitialDownload] Initial download nudge for Autofill
2026-02-08 09:41:35.660: [INFO][SyncManagerImpl::ConfigureSyncer] Types to download:  with reason: 5
2026-02-08 09:41:35.660: [INFO][SyncEngineBackend::DoFinishConfigureDataTypes] Failed to download types:  and succeeded types: 
2026-02-08 09:41:35.660: [INFO][Sync] ConfigurationDone, failed: , succeeded: , remaining count: 4
2026-02-08 09:41:35.660: [INFO][Sync] Prepare to configure types: Preferences, Passwords, Device Info, Send Tab To Self, Edge E Drop, Encryption Keys
2026-02-08 09:41:35.660: [INFO][SyncManagerImpl::ConfigureSyncer] Types to download: Preferences, Passwords, Device Info, Send Tab To Self, Edge E Drop, Encryption Keys with reason: 5
2026-02-08 09:41:35.660: [INFO][SyncSchedulerImpl::DoConfigurationSyncCycleJob] Blocked types:  and types to download: Preferences, Passwords, Device Info, Send Tab To Self, Edge E Drop, Encryption Keys
2026-02-08 09:41:36.127: [INFO][SyncEngineBackend::DoFinishConfigureDataTypes] Failed to download types:  and succeeded types: Preferences, Passwords, Device Info, Send Tab To Self, Edge E Drop, Encryption Keys
2026-02-08 09:41:36.129: [INFO][Sync] ConfigurationDone, failed: , succeeded: Preferences, Passwords, Device Info, Send Tab To Self, Edge E Drop, Encryption Keys, remaining count: 3
2026-02-08 09:41:36.129: [INFO][Sync] Prepare to configure types: Bookmarks, Encryption Keys
2026-02-08 09:41:36.129: [INFO][SyncManagerImpl::ConfigureSyncer] Types to download: Bookmarks, Encryption Keys with reason: 5
2026-02-08 09:41:36.129: [INFO][SyncSchedulerImpl::DoConfigurationSyncCycleJob] Blocked types:  and types to download: Bookmarks, Encryption Keys
2026-02-08 09:41:36.339: [INFO][SyncEngineBackend::DoFinishConfigureDataTypes] Failed to download types:  and succeeded types: Bookmarks, Encryption Keys
2026-02-08 09:41:36.346: [INFO][Sync] ConfigurationDone, failed: , succeeded: Bookmarks, Encryption Keys, remaining count: 2
2026-02-08 09:41:36.346: [INFO][Sync] Prepare to configure types: Autofill Profiles, Autofill, Extensions, Sessions, Extension settings, History Delete Directives, Web Apps, Saved Tab Group, WebAuthn Credentials, Collection, Edge Hub App Usage, Edge Wallet, Encryption Keys
2026-02-08 09:41:36.346: [INFO][SyncManagerImpl::ConfigureSyncer] Types to download: Autofill Profiles, Autofill, Extensions, Sessions, Extension settings, History Delete Directives, Web Apps, Saved Tab Group, WebAuthn Credentials, Collection, Edge Hub App Usage, Edge Wallet, Encryption Keys with reason: 5
2026-02-08 09:41:36.346: [INFO][SyncSchedulerImpl::DoConfigurationSyncCycleJob] Blocked types:  and types to download: Autofill Profiles, Autofill, Extensions, Sessions, Extension settings, History Delete Directives, Web Apps, Saved Tab Group, WebAuthn Credentials, Collection, Edge Hub App Usage, Edge Wallet, Encryption Keys
2026-02-08 09:41:39.655: [INFO][SyncEngineBackend::DoFinishConfigureDataTypes] Failed to download types:  and succeeded types: Autofill Profiles, Autofill, Extensions, Sessions, Extension settings, History Delete Directives, Web Apps, Saved Tab Group, WebAuthn Credentials, Collection, Edge Hub App Usage, Edge Wallet, Encryption Keys
2026-02-08 09:41:39.656: [INFO][Sync] ConfigurationDone, failed: , succeeded: Autofill Profiles, Autofill, Extensions, Sessions, Extension settings, History Delete Directives, Web Apps, Saved Tab Group, WebAuthn Credentials, Collection, Edge Hub App Usage, Edge Wallet, Encryption Keys, remaining count: 1
2026-02-08 09:41:39.658: [INFO][Sync] Prepare to configure types: History, Encryption Keys
2026-02-08 09:41:39.658: [INFO][SyncManagerImpl::ConfigureSyncer] Types to download: History, Encryption Keys with reason: 5
2026-02-08 09:41:39.658: [INFO][SyncSchedulerImpl::DoConfigurationSyncCycleJob] Blocked types:  and types to download: History, Encryption Keys
2026-02-08 09:41:43.310: [INFO][SyncEngineBackend::DoFinishConfigureDataTypes] Failed to download types:  and succeeded types: History, Encryption Keys
2026-02-08 09:41:44.303: [INFO][Sync] ConfigurationDone, failed: , succeeded: History, Encryption Keys, remaining count: 0
2026-02-08 09:41:44.308: [INFO][Sync]     Configuration completed, state: 7
2026-02-08 09:41:44.309: [INFO][Sync] Configured DataTypeManager: Ok
2026-02-08 09:41:44.320: [INFO][SyncEngineBackend::DoStartSyncing] Start syncing
2026-02-08 09:44:43.936: [INFO][Sync] Reset engine, reason: 0
2026-02-08 09:44:43.936: [INFO][Sync] Reset engine with reason: 0
2026-02-10 10:56:35.256: [INFO][Sync] Reset engine, reason: 8
2026-02-10 10:56:35.256: [INFO][Sync] Stopped: Bookmarks
2026-02-10 10:56:35.256: [INFO][Sync] Stopped: Preferences
2026-02-10 10:56:35.256: [INFO][Sync] Stopped: Passwords
2026-02-10 10:56:35.256: [INFO][Sync] Stopped: Autofill Profiles
2026-02-10 10:56:35.256: [INFO][Sync] Stopped: Autofill
2026-02-10 10:56:35.256: [INFO][Sync] Stopped: Extensions
2026-02-10 10:56:35.256: [INFO][Sync] Stopped: Sessions
2026-02-10 10:56:35.256: [INFO][Sync] Stopped: Extension settings
2026-02-10 10:56:35.253: [INFO][Sync] Stopped: History Delete Directives
2026-02-10 10:56:35.256: [INFO][Sync] Stopped: Device Info
2026-02-10 10:56:35.256: [INFO][Sync] Stopped: User Consents
2026-02-10 10:56:35.256: [INFO][Sync] Stopped: Send Tab To Self
2026-02-10 10:56:35.256: [INFO][Sync] Stopped: Web Apps
2026-02-10 10:56:35.256: [INFO][Sync] Stopped: History
2026-02-10 10:56:35.256: [INFO][Sync] Stopped: Saved Tab Group
2026-02-10 10:56:35.256: [INFO][Sync] Stopped: WebAuthn Credentials
2026-02-10 10:56:35.256: [INFO][Sync] Stopped: Collection
2026-02-10 10:56:35.256: [INFO][Sync] Stopped: Edge E Drop
2026-02-10 10:56:35.256: [INFO][Sync] Stopped: Edge Hub App Usage
2026-02-10 10:56:35.256: [INFO][Sync] Stopped: Edge Wallet
2026-02-10 10:56:35.256: [INFO][Sync] SyncState after authenticated was: NotSignedIn
2026-02-10 10:56:35.512: [INFO][Sync] Reset engine, reason: 8
2026-02-10 10:56:35.512: [INFO][Sync] Stopped: Bookmarks
2026-02-10 10:56:35.512: [INFO][Sync] Stopped: Preferences
2026-02-10 10:56:35.512: [INFO][Sync] Stopped: Passwords
2026-02-10 10:56:35.512: [INFO][Sync] Stopped: Autofill Profiles
2026-02-10 10:56:35.512: [INFO][Sync] Stopped: Autofill
2026-02-10 10:56:35.512: [INFO][Sync] Stopped: Extensions
2026-02-10 10:56:35.512: [INFO][Sync] Stopped: Sessions
2026-02-10 10:56:35.512: [INFO][Sync] Stopped: Extension settings
2026-02-10 10:56:35.512: [INFO][Sync] Stopped: History Delete Directives
2026-02-10 10:56:35.512: [INFO][Sync] Stopped: Device Info
2026-02-10 10:56:35.512: [INFO][Sync] Stopped: User Consents
2026-02-10 10:56:35.512: [INFO][Sync] Stopped: Send Tab To Self
2026-02-10 10:56:35.512: [INFO][Sync] Stopped: Web Apps
2026-02-10 10:56:35.512: [INFO][Sync] Stopped: History
2026-02-10 10:56:35.512: [INFO][Sync] Stopped: Saved Tab Group
2026-02-10 10:56:35.512: [INFO][Sync] Stopped: WebAuthn Credentials
2026-02-10 10:56:35.512: [INFO][Sync] Stopped: Collection
2026-02-10 10:56:35.512: [INFO][Sync] Stopped: Edge E Drop
2026-02-10 10:56:35.512: [INFO][Sync] Stopped: Edge Hub App Usage
2026-02-10 10:56:35.512: [INFO][Sync] Stopped: Edge Wallet
2026-02-10 10:56:37.652: [INFO][Sync] Try to start sync engine
2026-02-10 10:56:37.654: [INFO][SyncManagerImpl::NudgeForInitialDownload] Initial download nudge for Encryption Keys
2026-02-10 10:56:37.654: [INFO][SyncEngineBackend::LoadAndConnectNigoriController] Load and connect Nigori controller
2026-02-10 10:56:37.654: [INFO][SyncEngineBackend::DoInitialize] Control Types added: Encryption Keys
2026-02-10 10:56:37.654: [INFO][SyncManagerImpl::ConfigureSyncer] Types to download: Encryption Keys with reason: 3
2026-02-10 10:56:37.654: [INFO][SyncSchedulerImpl::DoConfigurationSyncCycleJob] Configure job was blocked
2026-02-10 10:56:37.720: [INFO][SyncAuthManager::SetLastAuthError] Current auth error: None
2026-02-10 10:56:37.720: [INFO][SyncAuthManager::EdgeLogTokenErrorState] Token error with: None for account type: MSA
2026-02-10 10:56:37.720: [INFO][Sync] Credentials changed for: EdgeSyncScopeNew
2026-02-10 10:56:38.457: [INFO][SyncAuthManager::SetLastAuthError] Current auth error: None
2026-02-10 10:56:38.457: [INFO][SyncAuthManager::EdgeLogTokenErrorState] Token error with: None for account type: MSA
2026-02-10 10:56:38.457: [INFO][Sync] Credentials changed for: EdgeSyncKeyDataScope
2026-02-10 10:56:38.457: [INFO][SyncEngineBackend::DoUpdateKeyDataCredentials] Update key data credentials
2026-02-10 10:56:38.457: [INFO][SyncEngineBackend::DoUpdateCredentials] Update credentials
2026-02-10 10:56:38.458: [INFO][SyncSchedulerImpl::DoConfigurationSyncCycleJob] Blocked types:  and types to download: Encryption Keys
2026-02-10 10:56:39.086: [INFO][Sync] Started DataTypeManager configuration, reason: 4
2026-02-10 10:56:39.086: [INFO][Sync] Configuring for: Bookmarks, Preferences, Passwords, Autofill Profiles, Autofill, Extensions, Sessions, Extension settings, History Delete Directives, Device Info, User Consents, Send Tab To Self, Web Apps, History, Saved Tab Group, WebAuthn Credentials, Collection, Edge E Drop, Edge Hub App Usage, Edge Wallet, Encryption Keys, reason: 4, current state: 0
2026-02-10 10:56:39.086: [WARN][Sync] Crypto error data types: Passwords, Autofill Profiles, Autofill
2026-02-10 10:56:39.093: [INFO][Sync] Configure, desired: Bookmarks, Preferences, Extensions, Sessions, Extension settings, History Delete Directives, Device Info, User Consents, Send Tab To Self, Web Apps, History, Saved Tab Group, WebAuthn Credentials, Collection, Edge E Drop, Edge Hub App Usage, Edge Wallet, Encryption Keys; Allow fail: Passwords, Autofill Profiles, Autofill
2026-02-10 10:56:39.093: [INFO][Sync] Loading: Bookmarks
2026-02-10 10:56:39.093: [INFO][Sync] Loading: Preferences
2026-02-10 10:56:39.093: [INFO][Sync] Loading: Extensions
2026-02-10 10:56:39.093: [INFO][Sync] Loading: Sessions
2026-02-10 10:56:39.093: [INFO][Sync] Loading: Extension settings
2026-02-10 10:56:39.093: [INFO][Sync] Loading: History Delete Directives
2026-02-10 10:56:39.094: [INFO][Sync] Loading: Device Info
2026-02-10 10:56:39.094: [INFO][Sync] Loading: User Consents
2026-02-10 10:56:39.094: [INFO][Sync] Loading: Send Tab To Self
2026-02-10 10:56:39.094: [INFO][Sync] Loading: Web Apps
2026-02-10 10:56:39.094: [INFO][Sync] Loading: History
2026-02-10 10:56:39.094: [INFO][Sync] Loading: Saved Tab Group
2026-02-10 10:56:39.094: [INFO][Sync] Loading: WebAuthn Credentials
2026-02-10 10:56:39.094: [INFO][Sync] Loading: Collection
2026-02-10 10:56:39.094: [INFO][Sync] Loading: Edge E Drop
2026-02-10 10:56:39.094: [INFO][Sync] Loading: Edge Hub App Usage
2026-02-10 10:56:39.094: [INFO][Sync] Loading: Edge Wallet
2026-02-10 10:56:39.109: [INFO][Sync] All data types are ready for configure.
2026-02-10 10:56:39.811: [INFO][SyncEngineBackend::DoStartConfiguration] Start configuration
2026-02-10 10:56:39.811: [INFO][SyncManagerImpl::NudgeForInitialDownload] Initial download nudge for Bookmarks
2026-02-10 10:56:39.811: [INFO][SyncManagerImpl::NudgeForInitialDownload] Initial download nudge for Preferences
2026-02-10 10:56:39.811: [INFO][SyncManagerImpl::NudgeForInitialDownload] Initial download nudge for Extensions
2026-02-10 10:56:39.811: [INFO][SyncManagerImpl::NudgeForInitialDownload] Initial download nudge for Sessions
2026-02-10 10:56:39.812: [INFO][SyncManagerImpl::NudgeForInitialDownload] Initial download nudge for Extension settings
2026-02-10 10:56:39.812: [INFO][SyncManagerImpl::NudgeForInitialDownload] Initial download nudge for History Delete Directives
2026-02-10 10:56:39.812: [INFO][SyncManagerImpl::NudgeForInitialDownload] Initial download nudge for Device Info
2026-02-10 10:56:39.812: [INFO][SyncManagerImpl::NudgeForInitialDownload] Initial download nudge for Send Tab To Self
2026-02-10 10:56:39.812: [INFO][SyncManagerImpl::NudgeForInitialDownload] Initial download nudge for Web Apps
2026-02-10 10:56:39.812: [INFO][SyncManagerImpl::NudgeForInitialDownload] Initial download nudge for History
2026-02-10 10:56:39.812: [INFO][SyncManagerImpl::NudgeForInitialDownload] Initial download nudge for Saved Tab Group
2026-02-10 10:56:39.812: [INFO][SyncManagerImpl::NudgeForInitialDownload] Initial download nudge for WebAuthn Credentials
2026-02-10 10:56:39.812: [INFO][SyncManagerImpl::NudgeForInitialDownload] Initial download nudge for Collection
2026-02-10 10:56:39.812: [INFO][SyncManagerImpl::NudgeForInitialDownload] Initial download nudge for Edge E Drop
2026-02-10 10:56:39.812: [INFO][SyncManagerImpl::NudgeForInitialDownload] Initial download nudge for Edge Hub App Usage
2026-02-10 10:56:39.812: [INFO][SyncManagerImpl::NudgeForInitialDownload] Initial download nudge for Edge Wallet
2026-02-10 10:56:39.812: [INFO][SyncManagerImpl::ConfigureSyncer] Types to download:  with reason: 4
2026-02-10 10:56:39.812: [INFO][SyncEngineBackend::DoFinishConfigureDataTypes] Failed to download types:  and succeeded types: 
2026-02-10 10:56:39.814: [INFO][Sync] Started DataTypeManager configuration, reason: 5
2026-02-10 10:56:39.814: [INFO][Sync] Configuring for: Bookmarks, Preferences, Passwords, Autofill Profiles, Autofill, Extensions, Sessions, Extension settings, History Delete Directives, Device Info, User Consents, Send Tab To Self, Web Apps, History, Saved Tab Group, WebAuthn Credentials, Collection, Edge E Drop, Edge Hub App Usage, Edge Wallet, Encryption Keys, reason: 5, current state: 1
2026-02-10 10:56:39.820: [INFO][Sync] ConfigurationDone, failed: , succeeded: , remaining count: 4
2026-02-10 10:56:39.820: [WARN][Sync]     Reconfigure requested while configuration ongoing.
2026-02-10 10:56:39.820: [INFO][Sync] Configuring for: Bookmarks, Preferences, Passwords, Autofill Profiles, Autofill, Extensions, Sessions, Extension settings, History Delete Directives, Device Info, User Consents, Send Tab To Self, Web Apps, History, Saved Tab Group, WebAuthn Credentials, Collection, Edge E Drop, Edge Hub App Usage, Edge Wallet, Encryption Keys, reason: 5, current state: 2
2026-02-10 10:56:39.820: [INFO][Sync] Configure, desired: Bookmarks, Preferences, Passwords, Autofill Profiles, Autofill, Extensions, Sessions, Extension settings, History Delete Directives, Device Info, User Consents, Send Tab To Self, Web Apps, History, Saved Tab Group, WebAuthn Credentials, Collection, Edge E Drop, Edge Hub App Usage, Edge Wallet, Encryption Keys; Allow fail: 
2026-02-10 10:56:39.820: [INFO][Sync] Loading: Passwords
2026-02-10 10:56:39.820: [INFO][Sync] Loading: Autofill Profiles
2026-02-10 10:56:39.820: [INFO][Sync] Loading: Autofill
2026-02-10 10:56:39.821: [INFO][Sync] All data types are ready for configure.
2026-02-10 10:56:39.821: [INFO][SyncManagerImpl::NudgeForInitialDownload] Initial download nudge for Passwords
2026-02-10 10:56:39.821: [INFO][SyncManagerImpl::NudgeForInitialDownload] Initial download nudge for Autofill Profiles
2026-02-10 10:56:39.822: [INFO][SyncManagerImpl::NudgeForInitialDownload] Initial download nudge for Autofill
2026-02-10 10:56:39.822: [INFO][SyncManagerImpl::ConfigureSyncer] Types to download:  with reason: 5
2026-02-10 10:56:39.822: [INFO][SyncEngineBackend::DoFinishConfigureDataTypes] Failed to download types:  and succeeded types: 
2026-02-10 10:56:39.822: [INFO][Sync] ConfigurationDone, failed: , succeeded: , remaining count: 4
2026-02-10 10:56:39.822: [INFO][Sync] Prepare to configure types: Preferences, Passwords, Device Info, Send Tab To Self, Edge E Drop, Encryption Keys
2026-02-10 10:56:39.822: [INFO][SyncManagerImpl::ConfigureSyncer] Types to download: Preferences, Passwords, Device Info, Send Tab To Self, Edge E Drop, Encryption Keys with reason: 5
2026-02-10 10:56:39.823: [INFO][SyncSchedulerImpl::DoConfigurationSyncCycleJob] Blocked types:  and types to download: Preferences, Passwords, Device Info, Send Tab To Self, Edge E Drop, Encryption Keys
2026-02-10 10:56:40.150: [INFO][SyncEngineBackend::DoFinishConfigureDataTypes] Failed to download types:  and succeeded types: Preferences, Passwords, Device Info, Send Tab To Self, Edge E Drop, Encryption Keys
2026-02-10 10:56:40.157: [INFO][Sync] ConfigurationDone, failed: , succeeded: Preferences, Passwords, Device Info, Send Tab To Self, Edge E Drop, Encryption Keys, remaining count: 3
2026-02-10 10:56:40.157: [INFO][Sync] Prepare to configure types: Bookmarks, Encryption Keys
2026-02-10 10:56:40.157: [INFO][SyncManagerImpl::ConfigureSyncer] Types to download: Bookmarks, Encryption Keys with reason: 5
2026-02-10 10:56:40.157: [INFO][SyncSchedulerImpl::DoConfigurationSyncCycleJob] Blocked types:  and types to download: Bookmarks, Encryption Keys
2026-02-10 10:56:40.406: [INFO][SyncEngineBackend::DoFinishConfigureDataTypes] Failed to download types:  and succeeded types: Bookmarks, Encryption Keys
2026-02-10 10:56:40.412: [INFO][Sync] ConfigurationDone, failed: , succeeded: Bookmarks, Encryption Keys, remaining count: 2
2026-02-10 10:56:40.412: [INFO][Sync] Prepare to configure types: Autofill Profiles, Autofill, Extensions, Sessions, Extension settings, History Delete Directives, Web Apps, Saved Tab Group, WebAuthn Credentials, Collection, Edge Hub App Usage, Edge Wallet, Encryption Keys
2026-02-10 10:56:40.412: [INFO][SyncManagerImpl::ConfigureSyncer] Types to download: Autofill Profiles, Autofill, Extensions, Sessions, Extension settings, History Delete Directives, Web Apps, Saved Tab Group, WebAuthn Credentials, Collection, Edge Hub App Usage, Edge Wallet, Encryption Keys with reason: 5
2026-02-10 10:56:40.412: [INFO][SyncSchedulerImpl::DoConfigurationSyncCycleJob] Blocked types:  and types to download: Autofill Profiles, Autofill, Extensions, Sessions, Extension settings, History Delete Directives, Web Apps, Saved Tab Group, WebAuthn Credentials, Collection, Edge Hub App Usage, Edge Wallet, Encryption Keys
2026-02-10 10:56:42.753: [INFO][SyncEngineBackend::DoFinishConfigureDataTypes] Failed to download types:  and succeeded types: Autofill Profiles, Autofill, Extensions, Sessions, Extension settings, History Delete Directives, Web Apps, Saved Tab Group, WebAuthn Credentials, Collection, Edge Hub App Usage, Edge Wallet, Encryption Keys
2026-02-10 10:56:42.759: [INFO][Sync] ConfigurationDone, failed: , succeeded: Autofill Profiles, Autofill, Extensions, Sessions, Extension settings, History Delete Directives, Web Apps, Saved Tab Group, WebAuthn Credentials, Collection, Edge Hub App Usage, Edge Wallet, Encryption Keys, remaining count: 1
2026-02-10 10:56:42.766: [INFO][Sync] Prepare to configure types: History, Encryption Keys
2026-02-10 10:56:42.766: [INFO][SyncManagerImpl::ConfigureSyncer] Types to download: History, Encryption Keys with reason: 5
2026-02-10 10:56:42.766: [INFO][SyncSchedulerImpl::DoConfigurationSyncCycleJob] Blocked types:  and types to download: History, Encryption Keys
2026-02-10 10:56:47.784: [INFO][SyncEngineBackend::DoFinishConfigureDataTypes] Failed to download types:  and succeeded types: History, Encryption Keys
2026-02-10 10:56:47.791: [INFO][Sync] ConfigurationDone, failed: , succeeded: History, Encryption Keys, remaining count: 0
2026-02-10 10:56:47.797: [INFO][Sync]     Configuration completed, state: 7
2026-02-10 10:56:47.798: [INFO][Sync] Configured DataTypeManager: Ok
2026-02-10 10:56:47.805: [INFO][SyncEngineBackend::DoStartSyncing] Start syncing
2026-02-10 11:06:44.295: [INFO][Sync] Reset engine, reason: 0
2026-02-10 11:06:44.295: [INFO][Sync] Reset engine with reason: 0
